#
# A fatal error has been detected by the Java Runtime Environment:
#
#  SIGSEGV (0xb) at pc=0x00007fa5210693fa, pid=32575, tid=140346716714752
#
# JRE version: OpenJDK Runtime Environment (8.0_45-b14) (build 1.8.0_45-internal-b14)
# Java VM: OpenJDK 64-Bit Server VM (25.45-b02 mixed mode linux-amd64 compressed oops)
# Problematic frame:
# v  ~BufferBlob::jni_fast_GetLongField
#
# Failed to write core dump. Core dumps have been disabled. To enable core dumping, try "ulimit -c unlimited" before starting Java again
#
# If you would like to submit a bug report, please visit:
#   http://bugreport.java.com/bugreport/crash.jsp
# The crash happened outside the Java Virtual Machine in native code.
# See problematic frame for where to report the bug.
#

---------------  T H R E A D  ---------------

Current thread (0x00007fa530350800):  JavaThread "AWT-XAWT" daemon [_thread_in_native, id=32596, stack(0x00007fa50421f000,0x00007fa504320000)]

siginfo: si_signo: 11 (SIGSEGV), si_code: 1 (SEGV_MAPERR), si_addr: 0x0000000000000000

Registers:
RAX=0x00007fa538619080, RBX=0x00007fa5303509e0, RCX=0x0000000000000000, RDX=0x0000000000000042
RSP=0x00007fa50431e8d8, RBP=0x00007fa50431e900, RSI=0x0000000000000000, RDI=0x00007fa5303509e0
R8 =0x00007fa51252d250, R9 =0x0000000000000000, R10=0x00000000000005ec, R11=0x00000000d8cc5db0
R12=0x00007fa4c800eea0, R13=0x0000000000000000, R14=0x00007fa5116d3c80, R15=0x00007fa530350800
RIP=0x00007fa5210693fa, EFLAGS=0x0000000000010246, CSGSFS=0x0000000000000033, ERR=0x0000000000000004
  TRAPNO=0x000000000000000e

Top of Stack: (sp=0x00007fa50431e8d8)
0x00007fa50431e8d8:   00007fa5114b06b4 00007fa5303509e0
0x00007fa50431e8e8:   00007fa4c800eea0 0000000000000000
0x00007fa50431e8f8:   00007fa50431e9a0 0000000000000000
0x00007fa50431e908:   00007fa5125354e0 00007fa5303509e0
0x00007fa50431e918:   00007fa50431e960 00007fa4dc027770
0x00007fa50431e928:   00007fa51252d273 0000000000000000
0x00007fa50431e938:   00007fa5114a6d39 00007fa4dc027770
0x00007fa50431e948:   00007fa5203b74d0 0000000000000000
0x00007fa50431e958:   00007fa50431e9d0 00007fa50431e9b0
0x00007fa50431e968:   00007fa5214fee36 0000000000000000
0x00007fa50431e978:   00007fa5212456b6 00007fa50431e9d0
0x00007fa50431e988:   00007fa521113fec 00000006c64f7908
0x00007fa50431e998:   000000076fc7e9a0 00000006c64025c0
0x00007fa50431e9a8:   00000006c6562698 00007fa50431ea30
0x00007fa50431e9b8:   00007fa521007160 00007fa50431ea30
0x00007fa50431e9c8:   00007fa521007160 0000000000000000
0x00007fa50431e9d8:   00007fa5210074a0 00007fa4dc027770
0x00007fa50431e9e8:   00000006c64f7908 00007fa50431e9f0
0x00007fa50431e9f8:   00007fa520572784 00007fa50431ea78
0x00007fa50431ea08:   00007fa52057bc28 0000000000000000
0x00007fa50431ea18:   00007fa5205728b8 00007fa50431e9d0
0x00007fa50431ea28:   00007fa50431ea70 00007fa50431eac0
0x00007fa50431ea38:   00007fa52100798d 0000000000000000
0x00007fa50431ea48:   000000076cd94450 0000000000000000
0x00007fa50431ea58:   0000000000000000 0000000000000000
0x00007fa50431ea68:   00000006c64f7908 0000000000000000
0x00007fa50431ea78:   00000006c64f78b0 00007fa50431ea80
0x00007fa50431ea88:   00007fa5205725c5 00007fa50431ead0
0x00007fa50431ea98:   00007fa52057bc28 0000000000000000
0x00007fa50431eaa8:   00007fa5205725d0 00007fa50431ea70
0x00007fa50431eab8:   00007fa50431ead0 00007fa50431eb18
0x00007fa50431eac8:   00007fa5210079d2 00000006c64f78b0 

Instructions: (pc=0x00007fa5210693fa)
0x00007fa5210693da:   00 00 00 00 00 00 44 8b 15 8d d4 5d 17 4c 8b ce
0x00007fa5210693ea:   41 f6 c2 01 0f 85 2e 00 00 00 4d 33 ca 4d 33 ca
0x00007fa5210693fa:   4d 8b 09 4c 8b da 49 c1 eb 02 4b 8b 04 19 49 bb
0x00007fa52106940a:   74 68 64 38 a5 7f 00 00 4c 33 d8 4c 33 d8 45 3b 

Register to memory mapping:

RAX=0x00007fa538619080: <offset 0xf40080> in /usr/lib/jvm/java-8-openjdk-amd64/jre/lib/amd64/server/libjvm.so at 0x00007fa5376d9000
RBX=0x00007fa5303509e0 is an unknown value
RCX=0x0000000000000000 is an unknown value
RDX=0x0000000000000042 is an unknown value
RSP=0x00007fa50431e8d8 is pointing into the stack for thread: 0x00007fa530350800
RBP=0x00007fa50431e900 is pointing into the stack for thread: 0x00007fa530350800
RSI=0x0000000000000000 is an unknown value
RDI=0x00007fa5303509e0 is an unknown value
R8 =0x00007fa51252d250: <offset 0x5a250> in /usr/lib/x86_64-linux-gnu/libX11.so.6 at 0x00007fa5124d3000
R9 =0x0000000000000000 is an unknown value
R10=0x00000000000005ec is an unknown value
R11=0x00000000d8cc5db0 is an unknown value
R12=0x00007fa4c800eea0 is an unknown value
R13=0x0000000000000000 is an unknown value
R14=0x00007fa5116d3c80: <offset 0x25bc80> in /usr/lib/jvm/java-8-openjdk-amd64/jre/lib/amd64/libawt_xawt.so at 0x00007fa511478000
R15=0x00007fa530350800 is a thread


Stack: [0x00007fa50421f000,0x00007fa504320000],  sp=0x00007fa50431e8d8,  free space=1022k
Native frames: (J=compiled Java code, j=interpreted, Vv=VM code, C=native code)
v  ~BufferBlob::jni_fast_GetLongField
C  [libX11.so.6+0x624e0]  _XimServerDestroy+0x70

Java frames: (J=compiled Java code, j=interpreted, Vv=VM code)
J 1445  sun.awt.X11.XlibWrapper.XFilterEvent(JJ)Z (0 bytes) @ 0x00007fa5214fedc4 [0x00007fa5214fed80+0x44]
j  sun.awt.X11.XToolkit.run(Z)V+300
j  sun.awt.X11.XToolkit.run()V+5
j  java.lang.Thread.run()V+11
v  ~StubRoutines::call_stub

---------------  P R O C E S S  ---------------

Java Threads: ( => current thread )
  0x00007fa53046d800 JavaThread "Thread-50" [_thread_blocked, id=32647, stack(0x00007fa4966e7000,0x00007fa4967e8000)]
  0x00007fa53046b800 JavaThread "Thread-49" [_thread_blocked, id=32646, stack(0x00007fa4967e8000,0x00007fa4968e9000)]
  0x00007fa530469800 JavaThread "Thread-48" [_thread_blocked, id=32645, stack(0x00007fa4968e9000,0x00007fa4969ea000)]
  0x00007fa530462000 JavaThread "Thread-47" [_thread_blocked, id=32644, stack(0x00007fa4969ea000,0x00007fa496aeb000)]
  0x00007fa530460800 JavaThread "Thread-46" [_thread_blocked, id=32643, stack(0x00007fa496aeb000,0x00007fa496bec000)]
  0x00007fa53045e800 JavaThread "Thread-45" [_thread_blocked, id=32642, stack(0x00007fa496bec000,0x00007fa496ced000)]
  0x00007fa53045c800 JavaThread "Thread-44" [_thread_blocked, id=32641, stack(0x00007fa496ced000,0x00007fa496dee000)]
  0x00007fa53045b000 JavaThread "Thread-43" [_thread_blocked, id=32640, stack(0x00007fa496dee000,0x00007fa496eef000)]
  0x00007fa530459000 JavaThread "Thread-42" [_thread_blocked, id=32639, stack(0x00007fa496eef000,0x00007fa496ff0000)]
  0x00007fa530457000 JavaThread "Thread-41" [_thread_blocked, id=32638, stack(0x00007fa496ff0000,0x00007fa4970f1000)]
  0x00007fa530455000 JavaThread "Thread-40" [_thread_blocked, id=32637, stack(0x00007fa4970f1000,0x00007fa4971f2000)]
  0x00007fa530453000 JavaThread "Thread-39" [_thread_blocked, id=32636, stack(0x00007fa4971f2000,0x00007fa4972f3000)]
  0x00007fa530451000 JavaThread "Thread-38" [_thread_blocked, id=32635, stack(0x00007fa4972f3000,0x00007fa4973f4000)]
  0x00007fa53044f000 JavaThread "Thread-37" [_thread_blocked, id=32634, stack(0x00007fa4973f4000,0x00007fa4974f5000)]
  0x00007fa53044d000 JavaThread "Thread-36" [_thread_blocked, id=32633, stack(0x00007fa4974f5000,0x00007fa4975f6000)]
  0x00007fa53044b800 JavaThread "Thread-35" [_thread_blocked, id=32632, stack(0x00007fa4975f6000,0x00007fa4976f7000)]
  0x00007fa530449800 JavaThread "Thread-34" [_thread_blocked, id=32631, stack(0x00007fa4976f7000,0x00007fa4977f8000)]
  0x00007fa530448000 JavaThread "Thread-33" [_thread_blocked, id=32630, stack(0x00007fa4977f8000,0x00007fa4978f9000)]
  0x00007fa530446000 JavaThread "Thread-32" [_thread_blocked, id=32629, stack(0x00007fa4978f9000,0x00007fa4979fa000)]
  0x00007fa530444800 JavaThread "Thread-31" [_thread_blocked, id=32628, stack(0x00007fa4979fa000,0x00007fa497afb000)]
  0x00007fa530442800 JavaThread "Thread-30" [_thread_blocked, id=32627, stack(0x00007fa497afb000,0x00007fa497bfc000)]
  0x00007fa530440800 JavaThread "Thread-29" [_thread_blocked, id=32626, stack(0x00007fa497bfc000,0x00007fa497cfd000)]
  0x00007fa53043f000 JavaThread "Thread-28" [_thread_blocked, id=32625, stack(0x00007fa497cfd000,0x00007fa497dfe000)]
  0x00007fa53043d000 JavaThread "Thread-27" [_thread_blocked, id=32624, stack(0x00007fa497dfe000,0x00007fa497eff000)]
  0x00007fa53043b800 JavaThread "Thread-26" [_thread_blocked, id=32623, stack(0x00007fa497eff000,0x00007fa498000000)]
  0x00007fa530439800 JavaThread "Thread-25" [_thread_blocked, id=32622, stack(0x00007fa4d40e2000,0x00007fa4d41e3000)]
  0x00007fa530437800 JavaThread "Thread-24" [_thread_blocked, id=32621, stack(0x00007fa4d41e3000,0x00007fa4d42e4000)]
  0x00007fa530435800 JavaThread "Thread-23" [_thread_blocked, id=32620, stack(0x00007fa4d42e4000,0x00007fa4d43e5000)]
  0x00007fa530433800 JavaThread "Thread-22" [_thread_blocked, id=32619, stack(0x00007fa4d43e5000,0x00007fa4d44e6000)]
  0x00007fa530431800 JavaThread "Thread-21" [_thread_blocked, id=32618, stack(0x00007fa4d44e6000,0x00007fa4d45e7000)]
  0x00007fa53042f800 JavaThread "Thread-20" [_thread_blocked, id=32617, stack(0x00007fa4d45e7000,0x00007fa4d46e8000)]
  0x00007fa53042d800 JavaThread "Thread-19" [_thread_blocked, id=32616, stack(0x00007fa4d46e8000,0x00007fa4d47e9000)]
  0x00007fa53042b800 JavaThread "Thread-18" [_thread_blocked, id=32615, stack(0x00007fa4d47e9000,0x00007fa4d48ea000)]
  0x00007fa530429800 JavaThread "Thread-17" [_thread_blocked, id=32614, stack(0x00007fa4d48ea000,0x00007fa4d49eb000)]
  0x00007fa530427800 JavaThread "Thread-16" [_thread_blocked, id=32613, stack(0x00007fa4d49eb000,0x00007fa4d4aec000)]
  0x00007fa530425800 JavaThread "Thread-15" [_thread_blocked, id=32612, stack(0x00007fa4d4aec000,0x00007fa4d4bed000)]
  0x00007fa530423000 JavaThread "Thread-14" [_thread_blocked, id=32611, stack(0x00007fa4d4bed000,0x00007fa4d4cee000)]
  0x00007fa530421000 JavaThread "Thread-13" [_thread_blocked, id=32610, stack(0x00007fa4d4cee000,0x00007fa4d4def000)]
  0x00007fa53041f000 JavaThread "Thread-12" [_thread_blocked, id=32609, stack(0x00007fa4d4def000,0x00007fa4d4ef0000)]
  0x00007fa53041d800 JavaThread "Thread-11" [_thread_blocked, id=32608, stack(0x00007fa4d4ef0000,0x00007fa4d4ff1000)]
  0x00007fa53041b800 JavaThread "Thread-10" [_thread_blocked, id=32607, stack(0x00007fa4d4ff1000,0x00007fa4d50f2000)]
  0x00007fa53041a000 JavaThread "Thread-9" [_thread_blocked, id=32606, stack(0x00007fa4d50f2000,0x00007fa4d51f3000)]
  0x00007fa530418000 JavaThread "Thread-8" [_thread_blocked, id=32605, stack(0x00007fa4d51f3000,0x00007fa4d52f4000)]
  0x00007fa530416800 JavaThread "Thread-7" [_thread_blocked, id=32604, stack(0x00007fa4d52f4000,0x00007fa4d53f5000)]
  0x00007fa530414800 JavaThread "Thread-6" [_thread_blocked, id=32603, stack(0x00007fa4d53f5000,0x00007fa4d54f6000)]
  0x00007fa530412800 JavaThread "Thread-5" [_thread_blocked, id=32602, stack(0x00007fa4d54f6000,0x00007fa4d55f7000)]
  0x00007fa530411000 JavaThread "Thread-4" [_thread_blocked, id=32601, stack(0x00007fa4d55f7000,0x00007fa4d56f8000)]
  0x00007fa53040f000 JavaThread "Thread-3" [_thread_blocked, id=32600, stack(0x00007fa4d56f8000,0x00007fa4d57f9000)]
  0x00007fa530338000 JavaThread "Thread-2" [_thread_blocked, id=32599, stack(0x00007fa4d57f9000,0x00007fa4d58fa000)]
  0x00007fa5303d3000 JavaThread "AWT-EventQueue-0" [_thread_blocked, id=32598, stack(0x00007fa4d5afa000,0x00007fa4d5bfb000)]
  0x00007fa5303cf000 JavaThread "AWT-Shutdown" [_thread_blocked, id=32597, stack(0x00007fa4d5c7d000,0x00007fa4d5d7e000)]
=>0x00007fa530350800 JavaThread "AWT-XAWT" daemon [_thread_in_native, id=32596, stack(0x00007fa50421f000,0x00007fa504320000)]
  0x00007fa53032c800 JavaThread "Java2D Disposer" daemon [_thread_blocked, id=32595, stack(0x00007fa510421000,0x00007fa510522000)]
  0x00007fa530205000 JavaThread "Service Thread" daemon [_thread_blocked, id=32593, stack(0x00007fa511aa6000,0x00007fa511ba7000)]
  0x00007fa5301ff800 JavaThread "C1 CompilerThread2" daemon [_thread_blocked, id=32592, stack(0x00007fa511ba7000,0x00007fa511ca8000)]
  0x00007fa5301fd800 JavaThread "C2 CompilerThread1" daemon [_thread_blocked, id=32591, stack(0x00007fa511ca8000,0x00007fa511da9000)]
  0x00007fa5301f0800 JavaThread "C2 CompilerThread0" daemon [_thread_blocked, id=32590, stack(0x00007fa511da9000,0x00007fa511eaa000)]
  0x00007fa530172000 JavaThread "Signal Dispatcher" daemon [_thread_in_vm, id=32589, stack(0x00007fa512a0f000,0x00007fa512b10000)]
  0x00007fa530147000 JavaThread "Finalizer" daemon [_thread_blocked, id=32586, stack(0x00007fa5131f2000,0x00007fa5132f3000)]
  0x00007fa530144800 JavaThread "Reference Handler" daemon [_thread_blocked, id=32585, stack(0x00007fa5132f3000,0x00007fa5133f4000)]
  0x00007fa53000a800 JavaThread "main" [_thread_blocked, id=32578, stack(0x00007fa539370000,0x00007fa539471000)]

Other Threads:
  0x00007fa53013f800 VMThread [stack: 0x00007fa5133f4000,0x00007fa5134f5000] [id=32584]
  0x00007fa530207800 WatcherThread [stack: 0x00007fa5119a5000,0x00007fa511aa6000] [id=32594]

VM state:not at safepoint (normal execution)

VM Mutex/Monitor currently owned by a thread:  ([mutex/lock_event])
[0x00007fa530007210] Threads_lock - owner thread: 0x00007fa530172000

Heap:
 PSYoungGen      total 131584K, used 52380K [0x000000076cc00000, 0x0000000776700000, 0x00000007c0000000)
  eden space 131072K, 39% used [0x000000076cc00000,0x000000076ff0f230,0x0000000774c00000)
  from space 512K, 18% used [0x0000000774c00000,0x0000000774c18000,0x0000000774c80000)
  to   space 512K, 0% used [0x0000000776680000,0x0000000776680000,0x0000000776700000)
 ParOldGen       total 171008K, used 113295K [0x00000006c6400000, 0x00000006d0b00000, 0x000000076cc00000)
  object space 171008K, 66% used [0x00000006c6400000,0x00000006cd2a3fa8,0x00000006d0b00000)
 Metaspace       used 11208K, capacity 11404K, committed 11648K, reserved 1058816K
  class space    used 1197K, capacity 1281K, committed 1408K, reserved 1048576K

Card table byte_map: [0x00007fa535082000,0x00007fa535851000] byte_map_base: 0x00007fa531a50000

Marking Bits: (ParMarkBitMap*) 0x00007fa538645e80
 Begin Bits: [0x00007fa504320000, 0x00007fa508190000)
 End Bits:   [0x00007fa508190000, 0x00007fa50c000000)

Polling page: 0x00007fa539497000

CodeCache: size=245760Kb used=5380Kb max_used=5774Kb free=240379Kb
 bounds [0x00007fa521000000, 0x00007fa521600000, 0x00007fa530000000]
 total_blobs=1972 nmethods=1451 adapters=435
 compilation: enabled

Compilation events (10 events):
Event: 3967,445 Thread 0x00007fa5301ff800 1828       3       sun.awt.XSettings$Update::getINT32 (175 bytes)
Event: 3967,445 Thread 0x00007fa5301ff800 nmethod 1828 0x00007fa5212bf0d0 code [0x00007fa5212bf260, 0x00007fa5212bf5c8]
Event: 4582,425 Thread 0x00007fa5301fd800 1829       4       sun.awt.X11.XEvent::get_xany (22 bytes)
Event: 4582,433 Thread 0x00007fa5301fd800 nmethod 1829 0x00007fa52131b110 code [0x00007fa52131b2a0, 0x00007fa52131b5f8]
Event: 6468,728 Thread 0x00007fa5301ff800 1830       3       java.lang.ref.PhantomReference::<init> (7 bytes)
Event: 6468,729 Thread 0x00007fa5301ff800 nmethod 1830 0x00007fa5212bebd0 code [0x00007fa5212bed40, 0x00007fa5212beff0]
Event: 6468,729 Thread 0x00007fa5301ff800 1831       3       sun.awt.X11.WindowPropertyGetter::isCachingSupported (4 bytes)
Event: 6468,729 Thread 0x00007fa5301ff800 nmethod 1831 0x00007fa52131ad90 code [0x00007fa52131af00, 0x00007fa52131b090]
Event: 6468,751 Thread 0x00007fa5301ff800 1832       3       java.util.LinkedList::node (65 bytes)
Event: 6468,751 Thread 0x00007fa5301ff800 nmethod 1832 0x00007fa52132c250 code [0x00007fa52132c3e0, 0x00007fa52132c6f0]

GC Heap History (10 events):
Event: 1084,143 GC heap before
{Heap before GC invocations=667 (full 0):
 PSYoungGen      total 66560K, used 66112K [0x000000076cc00000, 0x0000000774d00000, 0x00000007c0000000)
  eden space 66048K, 100% used [0x000000076cc00000,0x0000000770c80000,0x0000000770c80000)
  from space 512K, 12% used [0x0000000774c80000,0x0000000774c90000,0x0000000774d00000)
  to   space 512K, 0% used [0x0000000774c00000,0x0000000774c00000,0x0000000774c80000)
 ParOldGen       total 171008K, used 100377K [0x00000006c6400000, 0x00000006d0b00000, 0x000000076cc00000)
  object space 171008K, 58% used [0x00000006c6400000,0x00000006cc606538,0x00000006d0b00000)
 Metaspace       used 11051K, capacity 11212K, committed 11520K, reserved 1058816K
  class space    used 1166K, capacity 1217K, committed 1280K, reserved 1048576K
Event: 1084,146 GC heap after
Heap after GC invocations=667 (full 0):
 PSYoungGen      total 79872K, used 128K [0x000000076cc00000, 0x0000000774d00000, 0x00000007c0000000)
  eden space 79360K, 0% used [0x000000076cc00000,0x000000076cc00000,0x0000000771980000)
  from space 512K, 25% used [0x0000000774c00000,0x0000000774c20000,0x0000000774c80000)
  to   space 512K, 0% used [0x0000000774c80000,0x0000000774c80000,0x0000000774d00000)
 ParOldGen       total 171008K, used 100385K [0x00000006c6400000, 0x00000006d0b00000, 0x000000076cc00000)
  object space 171008K, 58% used [0x00000006c6400000,0x00000006cc608538,0x00000006d0b00000)
 Metaspace       used 11051K, capacity 11212K, committed 11520K, reserved 1058816K
  class space    used 1166K, capacity 1217K, committed 1280K, reserved 1048576K
}
Event: 1084,162 GC heap before
{Heap before GC invocations=668 (full 0):
 PSYoungGen      total 79872K, used 79476K [0x000000076cc00000, 0x0000000774d00000, 0x00000007c0000000)
  eden space 79360K, 99% used [0x000000076cc00000,0x000000077197d028,0x0000000771980000)
  from space 512K, 25% used [0x0000000774c00000,0x0000000774c20000,0x0000000774c80000)
  to   space 512K, 0% used [0x0000000774c80000,0x0000000774c80000,0x0000000774d00000)
 ParOldGen       total 171008K, used 113045K [0x00000006c6400000, 0x00000006d0b00000, 0x000000076cc00000)
  object space 171008K, 66% used [0x00000006c6400000,0x00000006cd2654e8,0x00000006d0b00000)
 Metaspace       used 11051K, capacity 11212K, committed 11520K, reserved 1058816K
  class space    used 1166K, capacity 1217K, committed 1280K, reserved 1048576K
Event: 1084,164 GC heap after
Heap after GC invocations=668 (full 0):
 PSYoungGen      total 95744K, used 64K [0x000000076cc00000, 0x0000000774d00000, 0x00000007c0000000)
  eden space 95232K, 0% used [0x000000076cc00000,0x000000076cc00000,0x0000000772900000)
  from space 512K, 12% used [0x0000000774c80000,0x0000000774c90000,0x0000000774d00000)
  to   space 512K, 0% used [0x0000000774c00000,0x0000000774c00000,0x0000000774c80000)
 ParOldGen       total 171008K, used 113085K [0x00000006c6400000, 0x00000006d0b00000, 0x000000076cc00000)
  object space 171008K, 66% used [0x00000006c6400000,0x00000006cd26f4e8,0x00000006d0b00000)
 Metaspace       used 11051K, capacity 11212K, committed 11520K, reserved 1058816K
  class space    used 1166K, capacity 1217K, committed 1280K, reserved 1048576K
}
Event: 1084,713 GC heap before
{Heap before GC invocations=669 (full 0):
 PSYoungGen      total 95744K, used 95296K [0x000000076cc00000, 0x0000000774d00000, 0x00000007c0000000)
  eden space 95232K, 100% used [0x000000076cc00000,0x0000000772900000,0x0000000772900000)
  from space 512K, 12% used [0x0000000774c80000,0x0000000774c90000,0x0000000774d00000)
  to   space 512K, 0% used [0x0000000774c00000,0x0000000774c00000,0x0000000774c80000)
 ParOldGen       total 171008K, used 113089K [0x00000006c6400000, 0x00000006d0b00000, 0x000000076cc00000)
  object space 171008K, 66% used [0x00000006c6400000,0x00000006cd270670,0x00000006d0b00000)
 Metaspace       used 11052K, capacity 11212K, committed 11520K, reserved 1058816K
  class space    used 1166K, capacity 1217K, committed 1280K, reserved 1048576K
Event: 1084,716 GC heap after
Heap after GC invocations=669 (full 0):
 PSYoungGen      total 115200K, used 182K [0x000000076cc00000, 0x0000000774d00000, 0x00000007c0000000)
  eden space 114688K, 0% used [0x000000076cc00000,0x000000076cc00000,0x0000000773c00000)
  from space 512K, 35% used [0x0000000774c00000,0x0000000774c2d938,0x0000000774c80000)
  to   space 512K, 0% used [0x0000000774c80000,0x0000000774c80000,0x0000000774d00000)
 ParOldGen       total 171008K, used 113097K [0x00000006c6400000, 0x00000006d0b00000, 0x000000076cc00000)
  object space 171008K, 66% used [0x00000006c6400000,0x00000006cd272670,0x00000006d0b00000)
 Metaspace       used 11052K, capacity 11212K, committed 11520K, reserved 1058816K
  class space    used 1166K, capacity 1217K, committed 1280K, reserved 1048576K
}
Event: 1089,793 GC heap before
{Heap before GC invocations=670 (full 0):
 PSYoungGen      total 115200K, used 114870K [0x000000076cc00000, 0x0000000774d00000, 0x00000007c0000000)
  eden space 114688K, 100% used [0x000000076cc00000,0x0000000773c00000,0x0000000773c00000)
  from space 512K, 35% used [0x0000000774c00000,0x0000000774c2d938,0x0000000774c80000)
  to   space 512K, 0% used [0x0000000774c80000,0x0000000774c80000,0x0000000774d00000)
 ParOldGen       total 171008K, used 113097K [0x00000006c6400000, 0x00000006d0b00000, 0x000000076cc00000)
  object space 171008K, 66% used [0x00000006c6400000,0x00000006cd272670,0x00000006d0b00000)
 Metaspace       used 11055K, capacity 11212K, committed 11520K, reserved 1058816K
  class space    used 1166K, capacity 1217K, committed 1280K, reserved 1048576K
Event: 1089,795 GC heap after
Heap after GC invocations=670 (full 0):
 PSYoungGen      total 131584K, used 128K [0x000000076cc00000, 0x0000000775380000, 0x00000007c0000000)
  eden space 131072K, 0% used [0x000000076cc00000,0x000000076cc00000,0x0000000774c00000)
  from space 512K, 25% used [0x0000000774c80000,0x0000000774ca0000,0x0000000774d00000)
  to   space 512K, 0% used [0x0000000774c00000,0x0000000774c00000,0x0000000774c80000)
 ParOldGen       total 171008K, used 113231K [0x00000006c6400000, 0x00000006d0b00000, 0x000000076cc00000)
  object space 171008K, 66% used [0x00000006c6400000,0x00000006cd293fa8,0x00000006d0b00000)
 Metaspace       used 11055K, capacity 11212K, committed 11520K, reserved 1058816K
  class space    used 1166K, capacity 1217K, committed 1280K, reserved 1048576K
}
Event: 1095,330 GC heap before
{Heap before GC invocations=671 (full 0):
 PSYoungGen      total 131584K, used 131200K [0x000000076cc00000, 0x0000000775380000, 0x00000007c0000000)
  eden space 131072K, 100% used [0x000000076cc00000,0x0000000774c00000,0x0000000774c00000)
  from space 512K, 25% used [0x0000000774c80000,0x0000000774ca0000,0x0000000774d00000)
  to   space 512K, 0% used [0x0000000774c00000,0x0000000774c00000,0x0000000774c80000)
 ParOldGen       total 171008K, used 113231K [0x00000006c6400000, 0x00000006d0b00000, 0x000000076cc00000)
  object space 171008K, 66% used [0x00000006c6400000,0x00000006cd293fa8,0x00000006d0b00000)
 Metaspace       used 11055K, capacity 11212K, committed 11520K, reserved 1058816K
  class space    used 1166K, capacity 1217K, committed 1280K, reserved 1048576K
Event: 1095,332 GC heap after
Heap after GC invocations=671 (full 0):
 PSYoungGen      total 131584K, used 96K [0x000000076cc00000, 0x0000000776700000, 0x00000007c0000000)
  eden space 131072K, 0% used [0x000000076cc00000,0x000000076cc00000,0x0000000774c00000)
  from space 512K, 18% used [0x0000000774c00000,0x0000000774c18000,0x0000000774c80000)
  to   space 512K, 0% used [0x0000000776680000,0x0000000776680000,0x0000000776700000)
 ParOldGen       total 171008K, used 113295K [0x00000006c6400000, 0x00000006d0b00000, 0x000000076cc00000)
  object space 171008K, 66% used [0x00000006c6400000,0x00000006cd2a3fa8,0x00000006d0b00000)
 Metaspace       used 11055K, capacity 11212K, committed 11520K, reserved 1058816K
  class space    used 1166K, capacity 1217K, committed 1280K, reserved 1048576K
}

Deoptimization events (10 events):
Event: 1099,745 Thread 0x00007fa5303d3000 Uncommon trap: reason=unstable_if action=reinterpret pc=0x00007fa52134b918 method=sun.font.FileFontStrike.getCachedGlyphPtr(I)J @ 99
Event: 1099,750 Thread 0x00007fa5303d3000 Uncommon trap: reason=bimorphic action=maybe_recompile pc=0x00007fa5214b4f4c method=sun.awt.RepaintArea.paint(Ljava/lang/Object;Z)V @ 230
Event: 1099,750 Thread 0x00007fa5303d3000 Uncommon trap: reason=unstable_if action=reinterpret pc=0x00007fa521141f68 method=sun.java2d.pipe.Region.isInsideXYXY(IIII)Z @ 30
Event: 1099,750 Thread 0x00007fa5303d3000 Uncommon trap: reason=bimorphic action=maybe_recompile pc=0x00007fa52143c728 method=sun.awt.X11.XRepaintArea.paintComponent(Ljava/awt/Component;Ljava/awt/Graphics;)V @ 18
Event: 1099,750 Thread 0x00007fa5303d3000 Uncommon trap: reason=unstable_if action=reinterpret pc=0x00007fa5214b4ee4 method=sun.awt.RepaintArea.subtract(Ljava/awt/Rectangle;Ljava/awt/Rectangle;)Z @ 1
Event: 1099,750 Thread 0x00007fa5303d3000 Uncommon trap: reason=unstable_if action=reinterpret pc=0x00007fa52156bd2c method=sun.java2d.pipe.Region.isInsideXYXY(IIII)Z @ 13
Event: 1099,750 Thread 0x00007fa5303d3000 Uncommon trap: reason=bimorphic action=maybe_recompile pc=0x00007fa52143c728 method=sun.awt.X11.XRepaintArea.paintComponent(Ljava/awt/Component;Ljava/awt/Graphics;)V @ 18
Event: 1099,750 Thread 0x00007fa5303d3000 Uncommon trap: reason=bimorphic action=maybe_recompile pc=0x00007fa52143c728 method=sun.awt.X11.XRepaintArea.paintComponent(Ljava/awt/Component;Ljava/awt/Graphics;)V @ 18
Event: 1099,755 Thread 0x00007fa5303d3000 Uncommon trap: reason=bimorphic action=maybe_recompile pc=0x00007fa52143c728 method=sun.awt.X11.XRepaintArea.paintComponent(Ljava/awt/Component;Ljava/awt/Graphics;)V @ 18
Event: 1099,755 Thread 0x00007fa5303d3000 Uncommon trap: reason=unstable_if action=reinterpret pc=0x00007fa52119de98 method=sun.awt.RepaintArea.subtract(Ljava/awt/Rectangle;Ljava/awt/Rectangle;)Z @ 1

Internal exceptions (10 events):
Event: 0,151 Thread 0x00007fa53000a800 Exception <a 'java/io/FileNotFoundException'> (0x000000076cdb02c0) thrown at [/build/buildd/openjdk-8-8u45-b14/src/hotspot/src/share/vm/prims/jni.cpp, line 709]
Event: 0,176 Thread 0x00007fa53000a800 Exception <a 'java/lang/ClassNotFoundException': sun/dc/DuctusRenderingEngine> (0x000000076cfce4e0) thrown at [/build/buildd/openjdk-8-8u45-b14/src/hotspot/src/share/vm/classfile/systemDictionary.cpp, line 210]
Event: 0,244 Thread 0x00007fa53000a800 Exception <a 'java/lang/NoSuchFieldError': method resolution failed> (0x000000076d19e6d8) thrown at [/build/buildd/openjdk-8-8u45-b14/src/hotspot/src/share/vm/prims/methodHandles.cpp, line 1125]
Event: 0,246 Thread 0x00007fa53000a800 Exception <a 'java/lang/NoSuchFieldError': method resolution failed> (0x000000076d1adbc0) thrown at [/build/buildd/openjdk-8-8u45-b14/src/hotspot/src/share/vm/prims/methodHandles.cpp, line 1125]
Event: 0,300 Thread 0x00007fa53000a800 Implicit null exception at 0x00007fa5211750dc to 0x00007fa5211752c1
Event: 1099,744 Thread 0x00007fa5303d3000 Implicit null exception at 0x00007fa5213fbd88 to 0x00007fa5213fc871
Event: 1099,744 Thread 0x00007fa5303d3000 Implicit null exception at 0x00007fa5213a6ed7 to 0x00007fa5213a70ad
Event: 1099,744 Thread 0x00007fa5303d3000 Implicit null exception at 0x00007fa5213d2ff7 to 0x00007fa5213d36a9
Event: 1099,745 Thread 0x00007fa5303d3000 Implicit null exception at 0x00007fa52135ddf0 to 0x00007fa52135de65
Event: 1099,745 Thread 0x00007fa5303d3000 Implicit null exception at 0x00007fa52134b782 to 0x00007fa52134b901

Events (10 events):
Event: 3047,208 loading class java/util/WeakHashMap$KeyIterator
Event: 3047,208 loading class java/util/WeakHashMap$HashIterator
Event: 3047,208 loading class java/util/WeakHashMap$HashIterator done
Event: 3047,208 loading class java/util/WeakHashMap$KeyIterator done
Event: 3047,209 loading class sun/awt/X11/XWindowPeer$1
Event: 3047,209 loading class sun/awt/X11/XWindowPeer$1 done
Event: 3047,562 loading class sun/awt/X11/XAWTXSettings$1
Event: 3047,562 loading class sun/awt/X11/XAWTXSettings$1 done
Event: 6473,714 loading class sun/misc/Signal$1
Event: 6473,718 loading class sun/misc/Signal$1 done


Dynamic libraries:
00400000-00401000 r-xp 00000000 08:02 20601067                           /usr/lib/jvm/java-8-openjdk-amd64/jre/bin/java
00600000-00601000 r--p 00000000 08:02 20601067                           /usr/lib/jvm/java-8-openjdk-amd64/jre/bin/java
00601000-00602000 rw-p 00001000 08:02 20601067                           /usr/lib/jvm/java-8-openjdk-amd64/jre/bin/java
00c6d000-00c8e000 rw-p 00000000 00:00 0                                  [heap]
6c6400000-6d0b00000 rw-p 00000000 00:00 0 
6d0b00000-76cc00000 ---p 00000000 00:00 0 
76cc00000-776700000 rw-p 00000000 00:00 0 
776700000-7c0000000 ---p 00000000 00:00 0 
7c0000000-7c0160000 rw-p 00000000 00:00 0 
7c0160000-800000000 ---p 00000000 00:00 0 
7fa4966e7000-7fa4966ea000 ---p 00000000 00:00 0 
7fa4966ea000-7fa4967e8000 rw-p 00000000 00:00 0                          [stack:32647]
7fa4967e8000-7fa4967eb000 ---p 00000000 00:00 0 
7fa4967eb000-7fa4968e9000 rw-p 00000000 00:00 0                          [stack:32646]
7fa4968e9000-7fa4968ec000 ---p 00000000 00:00 0 
7fa4968ec000-7fa4969ea000 rw-p 00000000 00:00 0                          [stack:32645]
7fa4969ea000-7fa4969ed000 ---p 00000000 00:00 0 
7fa4969ed000-7fa496aeb000 rw-p 00000000 00:00 0                          [stack:32644]
7fa496aeb000-7fa496aee000 ---p 00000000 00:00 0 
7fa496aee000-7fa496bec000 rw-p 00000000 00:00 0                          [stack:32643]
7fa496bec000-7fa496bef000 ---p 00000000 00:00 0 
7fa496bef000-7fa496ced000 rw-p 00000000 00:00 0                          [stack:32642]
7fa496ced000-7fa496cf0000 ---p 00000000 00:00 0 
7fa496cf0000-7fa496dee000 rw-p 00000000 00:00 0                          [stack:32641]
7fa496dee000-7fa496df1000 ---p 00000000 00:00 0 
7fa496df1000-7fa496eef000 rw-p 00000000 00:00 0                          [stack:32640]
7fa496eef000-7fa496ef2000 ---p 00000000 00:00 0 
7fa496ef2000-7fa496ff0000 rw-p 00000000 00:00 0                          [stack:32639]
7fa496ff0000-7fa496ff3000 ---p 00000000 00:00 0 
7fa496ff3000-7fa4970f1000 rw-p 00000000 00:00 0                          [stack:32638]
7fa4970f1000-7fa4970f4000 ---p 00000000 00:00 0 
7fa4970f4000-7fa4971f2000 rw-p 00000000 00:00 0                          [stack:32637]
7fa4971f2000-7fa4971f5000 ---p 00000000 00:00 0 
7fa4971f5000-7fa4972f3000 rw-p 00000000 00:00 0                          [stack:32636]
7fa4972f3000-7fa4972f6000 ---p 00000000 00:00 0 
7fa4972f6000-7fa4973f4000 rw-p 00000000 00:00 0                          [stack:32635]
7fa4973f4000-7fa4973f7000 ---p 00000000 00:00 0 
7fa4973f7000-7fa4974f5000 rw-p 00000000 00:00 0                          [stack:32634]
7fa4974f5000-7fa4974f8000 ---p 00000000 00:00 0 
7fa4974f8000-7fa4975f6000 rw-p 00000000 00:00 0                          [stack:32633]
7fa4975f6000-7fa4975f9000 ---p 00000000 00:00 0 
7fa4975f9000-7fa4976f7000 rw-p 00000000 00:00 0                          [stack:32632]
7fa4976f7000-7fa4976fa000 ---p 00000000 00:00 0 
7fa4976fa000-7fa4977f8000 rw-p 00000000 00:00 0                          [stack:32631]
7fa4977f8000-7fa4977fb000 ---p 00000000 00:00 0 
7fa4977fb000-7fa4978f9000 rw-p 00000000 00:00 0                          [stack:32630]
7fa4978f9000-7fa4978fc000 ---p 00000000 00:00 0 
7fa4978fc000-7fa4979fa000 rw-p 00000000 00:00 0                          [stack:32629]
7fa4979fa000-7fa4979fd000 ---p 00000000 00:00 0 
7fa4979fd000-7fa497afb000 rw-p 00000000 00:00 0                          [stack:32628]
7fa497afb000-7fa497afe000 ---p 00000000 00:00 0 
7fa497afe000-7fa497bfc000 rw-p 00000000 00:00 0                          [stack:32627]
7fa497bfc000-7fa497bff000 ---p 00000000 00:00 0 
7fa497bff000-7fa497cfd000 rw-p 00000000 00:00 0                          [stack:32626]
7fa497cfd000-7fa497d00000 ---p 00000000 00:00 0 
7fa497d00000-7fa497dfe000 rw-p 00000000 00:00 0                          [stack:32625]
7fa497dfe000-7fa497e01000 ---p 00000000 00:00 0 
7fa497e01000-7fa497eff000 rw-p 00000000 00:00 0                          [stack:32624]
7fa497eff000-7fa497f02000 ---p 00000000 00:00 0 
7fa497f02000-7fa498000000 rw-p 00000000 00:00 0                          [stack:32623]
7fa498000000-7fa498021000 rw-p 00000000 00:00 0 
7fa498021000-7fa49c000000 ---p 00000000 00:00 0 
7fa49c000000-7fa49c021000 rw-p 00000000 00:00 0 
7fa49c021000-7fa4a0000000 ---p 00000000 00:00 0 
7fa4a0000000-7fa4a0021000 rw-p 00000000 00:00 0 
7fa4a0021000-7fa4a4000000 ---p 00000000 00:00 0 
7fa4a4000000-7fa4a4021000 rw-p 00000000 00:00 0 
7fa4a4021000-7fa4a8000000 ---p 00000000 00:00 0 
7fa4a8000000-7fa4a8021000 rw-p 00000000 00:00 0 
7fa4a8021000-7fa4ac000000 ---p 00000000 00:00 0 
7fa4ac000000-7fa4ac021000 rw-p 00000000 00:00 0 
7fa4ac021000-7fa4b0000000 ---p 00000000 00:00 0 
7fa4b0000000-7fa4b0021000 rw-p 00000000 00:00 0 
7fa4b0021000-7fa4b4000000 ---p 00000000 00:00 0 
7fa4b4000000-7fa4b4021000 rw-p 00000000 00:00 0 
7fa4b4021000-7fa4b8000000 ---p 00000000 00:00 0 
7fa4b8000000-7fa4b8021000 rw-p 00000000 00:00 0 
7fa4b8021000-7fa4bc000000 ---p 00000000 00:00 0 
7fa4bc000000-7fa4bc021000 rw-p 00000000 00:00 0 
7fa4bc021000-7fa4c0000000 ---p 00000000 00:00 0 
7fa4c0000000-7fa4c0021000 rw-p 00000000 00:00 0 
7fa4c0021000-7fa4c4000000 ---p 00000000 00:00 0 
7fa4c4000000-7fa4c4021000 rw-p 00000000 00:00 0 
7fa4c4021000-7fa4c8000000 ---p 00000000 00:00 0 
7fa4c8000000-7fa4c803d000 rw-p 00000000 00:00 0 
7fa4c803d000-7fa4cc000000 ---p 00000000 00:00 0 
7fa4cc000000-7fa4cc021000 rw-p 00000000 00:00 0 
7fa4cc021000-7fa4d0000000 ---p 00000000 00:00 0 
7fa4d0000000-7fa4d0021000 rw-p 00000000 00:00 0 
7fa4d0021000-7fa4d4000000 ---p 00000000 00:00 0 
7fa4d40e2000-7fa4d40e5000 ---p 00000000 00:00 0 
7fa4d40e5000-7fa4d41e3000 rw-p 00000000 00:00 0                          [stack:32622]
7fa4d41e3000-7fa4d41e6000 ---p 00000000 00:00 0 
7fa4d41e6000-7fa4d42e4000 rw-p 00000000 00:00 0                          [stack:32621]
7fa4d42e4000-7fa4d42e7000 ---p 00000000 00:00 0 
7fa4d42e7000-7fa4d43e5000 rw-p 00000000 00:00 0                          [stack:32620]
7fa4d43e5000-7fa4d43e8000 ---p 00000000 00:00 0 
7fa4d43e8000-7fa4d44e6000 rw-p 00000000 00:00 0                          [stack:32619]
7fa4d44e6000-7fa4d44e9000 ---p 00000000 00:00 0 
7fa4d44e9000-7fa4d45e7000 rw-p 00000000 00:00 0                          [stack:32618]
7fa4d45e7000-7fa4d45ea000 ---p 00000000 00:00 0 
7fa4d45ea000-7fa4d46e8000 rw-p 00000000 00:00 0                          [stack:32617]
7fa4d46e8000-7fa4d46eb000 ---p 00000000 00:00 0 
7fa4d46eb000-7fa4d47e9000 rw-p 00000000 00:00 0                          [stack:32616]
7fa4d47e9000-7fa4d47ec000 ---p 00000000 00:00 0 
7fa4d47ec000-7fa4d48ea000 rw-p 00000000 00:00 0                          [stack:32615]
7fa4d48ea000-7fa4d48ed000 ---p 00000000 00:00 0 
7fa4d48ed000-7fa4d49eb000 rw-p 00000000 00:00 0                          [stack:32614]
7fa4d49eb000-7fa4d49ee000 ---p 00000000 00:00 0 
7fa4d49ee000-7fa4d4aec000 rw-p 00000000 00:00 0                          [stack:32613]
7fa4d4aec000-7fa4d4aef000 ---p 00000000 00:00 0 
7fa4d4aef000-7fa4d4bed000 rw-p 00000000 00:00 0                          [stack:32612]
7fa4d4bed000-7fa4d4bf0000 ---p 00000000 00:00 0 
7fa4d4bf0000-7fa4d4cee000 rw-p 00000000 00:00 0                          [stack:32611]
7fa4d4cee000-7fa4d4cf1000 ---p 00000000 00:00 0 
7fa4d4cf1000-7fa4d4def000 rw-p 00000000 00:00 0                          [stack:32610]
7fa4d4def000-7fa4d4df2000 ---p 00000000 00:00 0 
7fa4d4df2000-7fa4d4ef0000 rw-p 00000000 00:00 0                          [stack:32609]
7fa4d4ef0000-7fa4d4ef3000 ---p 00000000 00:00 0 
7fa4d4ef3000-7fa4d4ff1000 rw-p 00000000 00:00 0                          [stack:32608]
7fa4d4ff1000-7fa4d4ff4000 ---p 00000000 00:00 0 
7fa4d4ff4000-7fa4d50f2000 rw-p 00000000 00:00 0                          [stack:32607]
7fa4d50f2000-7fa4d50f5000 ---p 00000000 00:00 0 
7fa4d50f5000-7fa4d51f3000 rw-p 00000000 00:00 0                          [stack:32606]
7fa4d51f3000-7fa4d51f6000 ---p 00000000 00:00 0 
7fa4d51f6000-7fa4d52f4000 rw-p 00000000 00:00 0                          [stack:32605]
7fa4d52f4000-7fa4d52f7000 ---p 00000000 00:00 0 
7fa4d52f7000-7fa4d53f5000 rw-p 00000000 00:00 0                          [stack:32604]
7fa4d53f5000-7fa4d53f8000 ---p 00000000 00:00 0 
7fa4d53f8000-7fa4d54f6000 rw-p 00000000 00:00 0                          [stack:32603]
7fa4d54f6000-7fa4d54f9000 ---p 00000000 00:00 0 
7fa4d54f9000-7fa4d55f7000 rw-p 00000000 00:00 0                          [stack:32602]
7fa4d55f7000-7fa4d55fa000 ---p 00000000 00:00 0 
7fa4d55fa000-7fa4d56f8000 rw-p 00000000 00:00 0                          [stack:32601]
7fa4d56f8000-7fa4d56fb000 ---p 00000000 00:00 0 
7fa4d56fb000-7fa4d57f9000 rw-p 00000000 00:00 0                          [stack:32600]
7fa4d57f9000-7fa4d57fc000 ---p 00000000 00:00 0 
7fa4d57fc000-7fa4d5afa000 rw-p 00000000 00:00 0                          [stack:32599]
7fa4d5afa000-7fa4d5afd000 ---p 00000000 00:00 0 
7fa4d5afd000-7fa4d5bfb000 rw-p 00000000 00:00 0                          [stack:32598]
7fa4d5bfb000-7fa4d5bfc000 r--s 00000000 08:02 17563724                   /var/cache/fontconfig/c05880de57d1f5e948fdfacc138775d9-le64.cache-4
7fa4d5bfc000-7fa4d5c07000 r--s 00000000 08:02 17563716                   /var/cache/fontconfig/945677eb7aeaf62f1d50efc3fb3ec7d8-le64.cache-4
7fa4d5c07000-7fa4d5c0d000 r--s 00000000 08:02 17563701                   /var/cache/fontconfig/2cd17615ca594fa2959ae173292e504c-le64.cache-4
7fa4d5c0d000-7fa4d5c0e000 r--s 00000000 08:02 17563698                   /var/cache/fontconfig/0d8c3b2ac0904cb8a57a757ad11a4a08-le64.cache-4
7fa4d5c0e000-7fa4d5c15000 r--s 00000000 08:02 17563720                   /var/cache/fontconfig/a755afe4a08bf5b97852ceb7400b47bc-le64.cache-4
7fa4d5c15000-7fa4d5c19000 r--s 00000000 08:02 17569168                   /var/cache/fontconfig/de156ccd2eddbdc19d37a45b8b2aac9c-le64.cache-4
7fa4d5c19000-7fa4d5c2f000 r--s 00000000 08:02 17563696                   /var/cache/fontconfig/04aabc0a78ac019cf9454389977116d2-le64.cache-4
7fa4d5c2f000-7fa4d5c33000 r--s 00000000 08:02 17563704                   /var/cache/fontconfig/385c0604a188198f04d133e54aba7fe7-le64.cache-4
7fa4d5c33000-7fa4d5c38000 r--s 00000000 08:02 17563715                   /var/cache/fontconfig/8801497958630a81b71ace7c5f9b32a8-le64.cache-4
7fa4d5c38000-7fa4d5c4b000 r--s 00000000 08:02 17563728                   /var/cache/fontconfig/d52a8644073d54c13679302ca1180695-le64.cache-4
7fa4d5c7d000-7fa4d5c80000 ---p 00000000 00:00 0 
7fa4d5c80000-7fa4d5d7e000 rw-p 00000000 00:00 0                          [stack:32597]
7fa4d5fb1000-7fa4d60b2000 rw-p 00000000 00:00 0 
7fa4d60b2000-7fa4d60b9000 r--s 00000000 08:02 17563702                   /var/cache/fontconfig/3047814df9a2f067bd2d96a2b9c36e5a-le64.cache-4
7fa4d60b9000-7fa4d60bf000 r--s 00000000 08:02 17563721                   /var/cache/fontconfig/b47c4e1ecd0709278f4910c18777a504-le64.cache-4
7fa4d60bf000-7fa4d60c9000 r--s 00000000 08:02 17563705                   /var/cache/fontconfig/3f7329c5293ffd510edef78f73874cfd-le64.cache-4
7fa4d60c9000-7fa4d60d4000 r--s 00000000 08:02 17569148                   /var/cache/fontconfig/d589a48862398ed80a3d6066f4f56f4c-le64.cache-4
7fa4d6117000-7fa4d6128000 r-xp 00000000 08:02 19273613                   /usr/lib/jvm/java-8-openjdk-amd64/jre/lib/amd64/libnio.so
7fa4d6128000-7fa4d6327000 ---p 00011000 08:02 19273613                   /usr/lib/jvm/java-8-openjdk-amd64/jre/lib/amd64/libnio.so
7fa4d6327000-7fa4d6328000 r--p 00010000 08:02 19273613                   /usr/lib/jvm/java-8-openjdk-amd64/jre/lib/amd64/libnio.so
7fa4d6328000-7fa4d6329000 rw-p 00011000 08:02 19273613                   /usr/lib/jvm/java-8-openjdk-amd64/jre/lib/amd64/libnio.so
7fa4d6329000-7fa4d662a000 rw-p 00000000 00:00 0 
7fa4d662a000-7fa4d6641000 r-xp 00000000 08:02 19273597                   /usr/lib/jvm/java-8-openjdk-amd64/jre/lib/amd64/libnet.so
7fa4d6641000-7fa4d6840000 ---p 00017000 08:02 19273597                   /usr/lib/jvm/java-8-openjdk-amd64/jre/lib/amd64/libnet.so
7fa4d6840000-7fa4d6841000 r--p 00016000 08:02 19273597                   /usr/lib/jvm/java-8-openjdk-amd64/jre/lib/amd64/libnet.so
7fa4d6841000-7fa4d6842000 rw-p 00017000 08:02 19273597                   /usr/lib/jvm/java-8-openjdk-amd64/jre/lib/amd64/libnet.so
7fa4d6842000-7fa4d68ae000 r-xp 00000000 08:02 21632764                   /lib/x86_64-linux-gnu/libpcre.so.3.13.1
7fa4d68ae000-7fa4d6aad000 ---p 0006c000 08:02 21632764                   /lib/x86_64-linux-gnu/libpcre.so.3.13.1
7fa4d6aad000-7fa4d6aae000 r--p 0006b000 08:02 21632764                   /lib/x86_64-linux-gnu/libpcre.so.3.13.1
7fa4d6aae000-7fa4d6aaf000 rw-p 0006c000 08:02 21632764                   /lib/x86_64-linux-gnu/libpcre.so.3.13.1
7fa4d6aaf000-7fa4d6ab6000 r-xp 00000000 08:02 13248528                   /usr/lib/x86_64-linux-gnu/libffi.so.6.0.4
7fa4d6ab6000-7fa4d6cb5000 ---p 00007000 08:02 13248528                   /usr/lib/x86_64-linux-gnu/libffi.so.6.0.4
7fa4d6cb5000-7fa4d6cb6000 r--p 00006000 08:02 13248528                   /usr/lib/x86_64-linux-gnu/libffi.so.6.0.4
7fa4d6cb6000-7fa4d6cb7000 rw-p 00007000 08:02 13248528                   /usr/lib/x86_64-linux-gnu/libffi.so.6.0.4
7fa4d6cb7000-7fa4d6cce000 r-xp 00000000 08:02 21632045                   /lib/x86_64-linux-gnu/libresolv-2.21.so
7fa4d6cce000-7fa4d6ece000 ---p 00017000 08:02 21632045                   /lib/x86_64-linux-gnu/libresolv-2.21.so
7fa4d6ece000-7fa4d6ed0000 r--p 00017000 08:02 21632045                   /lib/x86_64-linux-gnu/libresolv-2.21.so
7fa4d6ed0000-7fa4d6ed1000 rw-p 00019000 08:02 21632045                   /lib/x86_64-linux-gnu/libresolv-2.21.so
7fa4d6ed1000-7fa4d6ed3000 rw-p 00000000 00:00 0 
7fa4d6ed3000-7fa4d6ef4000 r-xp 00000000 08:02 21632049                   /lib/x86_64-linux-gnu/libselinux.so.1
7fa4d6ef4000-7fa4d70f3000 ---p 00021000 08:02 21632049                   /lib/x86_64-linux-gnu/libselinux.so.1
7fa4d70f3000-7fa4d70f4000 r--p 00020000 08:02 21632049                   /lib/x86_64-linux-gnu/libselinux.so.1
7fa4d70f4000-7fa4d70f5000 rw-p 00021000 08:02 21632049                   /lib/x86_64-linux-gnu/libselinux.so.1
7fa4d70f5000-7fa4d70f7000 rw-p 00000000 00:00 0 
7fa4d70f7000-7fa4d70fa000 r-xp 00000000 08:02 13238692                   /usr/lib/x86_64-linux-gnu/libgmodule-2.0.so.0.4400.1
7fa4d70fa000-7fa4d72f9000 ---p 00003000 08:02 13238692                   /usr/lib/x86_64-linux-gnu/libgmodule-2.0.so.0.4400.1
7fa4d72f9000-7fa4d72fa000 r--p 00002000 08:02 13238692                   /usr/lib/x86_64-linux-gnu/libgmodule-2.0.so.0.4400.1
7fa4d72fa000-7fa4d72fb000 rw-p 00003000 08:02 13238692                   /usr/lib/x86_64-linux-gnu/libgmodule-2.0.so.0.4400.1
7fa4d72fb000-7fa4d7315000 r-xp 00000000 08:02 13248440                   /usr/lib/x86_64-linux-gnu/libdbusmenu-glib.so.4.0.12
7fa4d7315000-7fa4d7515000 ---p 0001a000 08:02 13248440                   /usr/lib/x86_64-linux-gnu/libdbusmenu-glib.so.4.0.12
7fa4d7515000-7fa4d7517000 r--p 0001a000 08:02 13248440                   /usr/lib/x86_64-linux-gnu/libdbusmenu-glib.so.4.0.12
7fa4d7517000-7fa4d7518000 rw-p 0001c000 08:02 13248440                   /usr/lib/x86_64-linux-gnu/libdbusmenu-glib.so.4.0.12
7fa4d7518000-7fa4d7625000 r-xp 00000000 08:02 21631803                   /lib/x86_64-linux-gnu/libglib-2.0.so.0.4400.1
7fa4d7625000-7fa4d7824000 ---p 0010d000 08:02 21631803                   /lib/x86_64-linux-gnu/libglib-2.0.so.0.4400.1
7fa4d7824000-7fa4d7825000 r--p 0010c000 08:02 21631803                   /lib/x86_64-linux-gnu/libglib-2.0.so.0.4400.1
7fa4d7825000-7fa4d7826000 rw-p 0010d000 08:02 21631803                   /lib/x86_64-linux-gnu/libglib-2.0.so.0.4400.1
7fa4d7826000-7fa4d7827000 rw-p 00000000 00:00 0 
7fa4d7827000-7fa4d7877000 r-xp 00000000 08:02 13238652                   /usr/lib/x86_64-linux-gnu/libgobject-2.0.so.0.4400.1
7fa4d7877000-7fa4d7a77000 ---p 00050000 08:02 13238652                   /usr/lib/x86_64-linux-gnu/libgobject-2.0.so.0.4400.1
7fa4d7a77000-7fa4d7a78000 r--p 00050000 08:02 13238652                   /usr/lib/x86_64-linux-gnu/libgobject-2.0.so.0.4400.1
7fa4d7a78000-7fa4d7a79000 rw-p 00051000 08:02 13238652                   /usr/lib/x86_64-linux-gnu/libgobject-2.0.so.0.4400.1
7fa4d7a79000-7fa4d7bf1000 r-xp 00000000 08:02 13238674                   /usr/lib/x86_64-linux-gnu/libgio-2.0.so.0.4400.1
7fa4d7bf1000-7fa4d7df1000 ---p 00178000 08:02 13238674                   /usr/lib/x86_64-linux-gnu/libgio-2.0.so.0.4400.1
7fa4d7df1000-7fa4d7df5000 r--p 00178000 08:02 13238674                   /usr/lib/x86_64-linux-gnu/libgio-2.0.so.0.4400.1
7fa4d7df5000-7fa4d7df7000 rw-p 0017c000 08:02 13238674                   /usr/lib/x86_64-linux-gnu/libgio-2.0.so.0.4400.1
7fa4d7df7000-7fa4d7df9000 rw-p 00000000 00:00 0 
7fa4d7df9000-7fa4d7dff000 r-xp 00000000 08:02 13243802                   /usr/lib/jayatana/libjayatana.so
7fa4d7dff000-7fa4d7ffe000 ---p 00006000 08:02 13243802                   /usr/lib/jayatana/libjayatana.so
7fa4d7ffe000-7fa4d7fff000 r--p 00005000 08:02 13243802                   /usr/lib/jayatana/libjayatana.so
7fa4d7fff000-7fa4d8000000 rw-p 00006000 08:02 13243802                   /usr/lib/jayatana/libjayatana.so
7fa4d8000000-7fa4d8021000 rw-p 00000000 00:00 0 
7fa4d8021000-7fa4dc000000 ---p 00000000 00:00 0 
7fa4dc000000-7fa4dc045000 rw-p 00000000 00:00 0 
7fa4dc045000-7fa4e0000000 ---p 00000000 00:00 0 
7fa4e0000000-7fa4e0021000 rw-p 00000000 00:00 0 
7fa4e0021000-7fa4e4000000 ---p 00000000 00:00 0 
7fa4e4000000-7fa4e4021000 rw-p 00000000 00:00 0 
7fa4e4021000-7fa4e8000000 ---p 00000000 00:00 0 
7fa4e8000000-7fa4e8e76000 rw-p 00000000 00:00 0 
7fa4e8e76000-7fa4ec000000 ---p 00000000 00:00 0 
7fa4ec000000-7fa4ec543000 rw-p 00000000 00:00 0 
7fa4ec543000-7fa4f0000000 ---p 00000000 00:00 0 
7fa4f0000000-7fa4f0021000 rw-p 00000000 00:00 0 
7fa4f0021000-7fa4f4000000 ---p 00000000 00:00 0 
7fa4f4000000-7fa4f51bd000 rw-p 00000000 00:00 0 
7fa4f51bd000-7fa4f8000000 ---p 00000000 00:00 0 
7fa4f8000000-7fa4f8021000 rw-p 00000000 00:00 0 
7fa4f8021000-7fa4fc000000 ---p 00000000 00:00 0 
7fa4fc000000-7fa4fc021000 rw-p 00000000 00:00 0 
7fa4fc021000-7fa500000000 ---p 00000000 00:00 0 
7fa500000000-7fa5000b1000 rw-p 00000000 00:00 0 
7fa5000b1000-7fa504000000 ---p 00000000 00:00 0 
7fa504000000-7fa504001000 r--s 00000000 08:02 17563719                   /var/cache/fontconfig/a6354e3ac43af67bd8d7b8e43c34e49f-le64.cache-4
7fa504001000-7fa504002000 r--s 00000000 08:02 17563700                   /var/cache/fontconfig/1ac9eb803944fde146138c791f5cc56a-le64.cache-4
7fa504002000-7fa504004000 r--s 00000000 08:02 17563713                   /var/cache/fontconfig/767a8244fc0220cfb567a839d0392e0b-le64.cache-4
7fa50401d000-7fa50401e000 r-xp 00000000 08:02 19273608                   /usr/lib/jvm/java-8-openjdk-amd64/jre/lib/amd64/libjawt.so
7fa50401e000-7fa50421d000 ---p 00001000 08:02 19273608                   /usr/lib/jvm/java-8-openjdk-amd64/jre/lib/amd64/libjawt.so
7fa50421d000-7fa50421e000 r--p 00000000 08:02 19273608                   /usr/lib/jvm/java-8-openjdk-amd64/jre/lib/amd64/libjawt.so
7fa50421e000-7fa50421f000 rw-p 00001000 08:02 19273608                   /usr/lib/jvm/java-8-openjdk-amd64/jre/lib/amd64/libjawt.so
7fa50421f000-7fa504222000 ---p 00000000 00:00 0 
7fa504222000-7fa50c000000 rw-p 00000000 00:00 0                          [stack:32596]
7fa50c000000-7fa50c021000 rw-p 00000000 00:00 0 
7fa50c021000-7fa510000000 ---p 00000000 00:00 0 
7fa510011000-7fa510016000 r-xp 00000000 08:02 13248224                   /usr/lib/x86_64-linux-gnu/libXfixes.so.3.1.0
7fa510016000-7fa510215000 ---p 00005000 08:02 13248224                   /usr/lib/x86_64-linux-gnu/libXfixes.so.3.1.0
7fa510215000-7fa510216000 r--p 00004000 08:02 13248224                   /usr/lib/x86_64-linux-gnu/libXfixes.so.3.1.0
7fa510216000-7fa510217000 rw-p 00005000 08:02 13248224                   /usr/lib/x86_64-linux-gnu/libXfixes.so.3.1.0
7fa510217000-7fa510220000 r-xp 00000000 08:02 13248216                   /usr/lib/x86_64-linux-gnu/libXcursor.so.1.0.2
7fa510220000-7fa51041f000 ---p 00009000 08:02 13248216                   /usr/lib/x86_64-linux-gnu/libXcursor.so.1.0.2
7fa51041f000-7fa510420000 r--p 00008000 08:02 13248216                   /usr/lib/x86_64-linux-gnu/libXcursor.so.1.0.2
7fa510420000-7fa510421000 rw-p 00009000 08:02 13248216                   /usr/lib/x86_64-linux-gnu/libXcursor.so.1.0.2
7fa510421000-7fa510424000 ---p 00000000 00:00 0 
7fa510424000-7fa510522000 rw-p 00000000 00:00 0                          [stack:32595]
7fa510522000-7fa510547000 r-xp 00000000 08:02 21632034                   /lib/x86_64-linux-gnu/libpng12.so.0.51.0
7fa510547000-7fa510746000 ---p 00025000 08:02 21632034                   /lib/x86_64-linux-gnu/libpng12.so.0.51.0
7fa510746000-7fa510747000 r--p 00024000 08:02 21632034                   /lib/x86_64-linux-gnu/libpng12.so.0.51.0
7fa510747000-7fa510748000 rw-p 00025000 08:02 21632034                   /lib/x86_64-linux-gnu/libpng12.so.0.51.0
7fa510748000-7fa5107ea000 r-xp 00000000 08:02 13242669                   /usr/lib/x86_64-linux-gnu/libfreetype.so.6.11.1
7fa5107ea000-7fa5109e9000 ---p 000a2000 08:02 13242669                   /usr/lib/x86_64-linux-gnu/libfreetype.so.6.11.1
7fa5109e9000-7fa5109ef000 r--p 000a1000 08:02 13242669                   /usr/lib/x86_64-linux-gnu/libfreetype.so.6.11.1
7fa5109ef000-7fa5109f0000 rw-p 000a7000 08:02 13242669                   /usr/lib/x86_64-linux-gnu/libfreetype.so.6.11.1
7fa5109f0000-7fa510a42000 r-xp 00000000 08:02 19273605                   /usr/lib/jvm/java-8-openjdk-amd64/jre/lib/amd64/libfontmanager.so
7fa510a42000-7fa510c42000 ---p 00052000 08:02 19273605                   /usr/lib/jvm/java-8-openjdk-amd64/jre/lib/amd64/libfontmanager.so
7fa510c42000-7fa510c45000 r--p 00052000 08:02 19273605                   /usr/lib/jvm/java-8-openjdk-amd64/jre/lib/amd64/libfontmanager.so
7fa510c45000-7fa510c46000 rw-p 00055000 08:02 19273605                   /usr/lib/jvm/java-8-openjdk-amd64/jre/lib/amd64/libfontmanager.so
7fa510c46000-7fa510c55000 r-xp 00000000 08:02 13248230                   /usr/lib/x86_64-linux-gnu/libXi.so.6.1.0
7fa510c55000-7fa510e54000 ---p 0000f000 08:02 13248230                   /usr/lib/x86_64-linux-gnu/libXi.so.6.1.0
7fa510e54000-7fa510e55000 r--p 0000e000 08:02 13248230                   /usr/lib/x86_64-linux-gnu/libXi.so.6.1.0
7fa510e55000-7fa510e56000 rw-p 0000f000 08:02 13248230                   /usr/lib/x86_64-linux-gnu/libXi.so.6.1.0
7fa510e56000-7fa510e5b000 r-xp 00000000 08:02 13248250                   /usr/lib/x86_64-linux-gnu/libXtst.so.6.1.0
7fa510e5b000-7fa51105a000 ---p 00005000 08:02 13248250                   /usr/lib/x86_64-linux-gnu/libXtst.so.6.1.0
7fa51105a000-7fa51105b000 r--p 00004000 08:02 13248250                   /usr/lib/x86_64-linux-gnu/libXtst.so.6.1.0
7fa51105b000-7fa51105c000 rw-p 00005000 08:02 13248250                   /usr/lib/x86_64-linux-gnu/libXtst.so.6.1.0
7fa51105c000-7fa511065000 r-xp 00000000 08:02 13248244                   /usr/lib/x86_64-linux-gnu/libXrender.so.1.3.0
7fa511065000-7fa511264000 ---p 00009000 08:02 13248244                   /usr/lib/x86_64-linux-gnu/libXrender.so.1.3.0
7fa511264000-7fa511265000 r--p 00008000 08:02 13248244                   /usr/lib/x86_64-linux-gnu/libXrender.so.1.3.0
7fa511265000-7fa511266000 rw-p 00009000 08:02 13248244                   /usr/lib/x86_64-linux-gnu/libXrender.so.1.3.0
7fa511266000-7fa511277000 r-xp 00000000 08:02 13248222                   /usr/lib/x86_64-linux-gnu/libXext.so.6.4.0
7fa511277000-7fa511476000 ---p 00011000 08:02 13248222                   /usr/lib/x86_64-linux-gnu/libXext.so.6.4.0
7fa511476000-7fa511477000 r--p 00010000 08:02 13248222                   /usr/lib/x86_64-linux-gnu/libXext.so.6.4.0
7fa511477000-7fa511478000 rw-p 00011000 08:02 13248222                   /usr/lib/x86_64-linux-gnu/libXext.so.6.4.0
7fa511478000-7fa5114cf000 r-xp 00000000 08:02 19273593                   /usr/lib/jvm/java-8-openjdk-amd64/jre/lib/amd64/libawt_xawt.so
7fa5114cf000-7fa5116cf000 ---p 00057000 08:02 19273593                   /usr/lib/jvm/java-8-openjdk-amd64/jre/lib/amd64/libawt_xawt.so
7fa5116cf000-7fa5116d0000 r--p 00057000 08:02 19273593                   /usr/lib/jvm/java-8-openjdk-amd64/jre/lib/amd64/libawt_xawt.so
7fa5116d0000-7fa5116d3000 rw-p 00058000 08:02 19273593                   /usr/lib/jvm/java-8-openjdk-amd64/jre/lib/amd64/libawt_xawt.so
7fa5116d3000-7fa5116d4000 rw-p 00000000 00:00 0 
7fa5116d4000-7fa511775000 r-xp 00000000 08:02 19273619                   /usr/lib/jvm/java-8-openjdk-amd64/jre/lib/amd64/libawt.so
7fa511775000-7fa511974000 ---p 000a1000 08:02 19273619                   /usr/lib/jvm/java-8-openjdk-amd64/jre/lib/amd64/libawt.so
7fa511974000-7fa511975000 r--p 000a0000 08:02 19273619                   /usr/lib/jvm/java-8-openjdk-amd64/jre/lib/amd64/libawt.so
7fa511975000-7fa511980000 rw-p 000a1000 08:02 19273619                   /usr/lib/jvm/java-8-openjdk-amd64/jre/lib/amd64/libawt.so
7fa511980000-7fa5119a5000 rw-p 00000000 00:00 0 
7fa5119a5000-7fa5119a6000 ---p 00000000 00:00 0 
7fa5119a6000-7fa511aa6000 rw-p 00000000 00:00 0                          [stack:32594]
7fa511aa6000-7fa511aa9000 ---p 00000000 00:00 0 
7fa511aa9000-7fa511ba7000 rw-p 00000000 00:00 0                          [stack:32593]
7fa511ba7000-7fa511baa000 ---p 00000000 00:00 0 
7fa511baa000-7fa511ca8000 rw-p 00000000 00:00 0                          [stack:32592]
7fa511ca8000-7fa511cab000 ---p 00000000 00:00 0 
7fa511cab000-7fa511da9000 rw-p 00000000 00:00 0                          [stack:32591]
7fa511da9000-7fa511dac000 ---p 00000000 00:00 0 
7fa511dac000-7fa511eaa000 rw-p 00000000 00:00 0                          [stack:32590]
7fa511eaa000-7fa511eaf000 r-xp 00000000 08:02 13248220                   /usr/lib/x86_64-linux-gnu/libXdmcp.so.6.0.0
7fa511eaf000-7fa5120ae000 ---p 00005000 08:02 13248220                   /usr/lib/x86_64-linux-gnu/libXdmcp.so.6.0.0
7fa5120ae000-7fa5120af000 r--p 00004000 08:02 13248220                   /usr/lib/x86_64-linux-gnu/libXdmcp.so.6.0.0
7fa5120af000-7fa5120b0000 rw-p 00005000 08:02 13248220                   /usr/lib/x86_64-linux-gnu/libXdmcp.so.6.0.0
7fa5120b0000-7fa5120b2000 r-xp 00000000 08:02 13248209                   /usr/lib/x86_64-linux-gnu/libXau.so.6.0.0
7fa5120b2000-7fa5122b2000 ---p 00002000 08:02 13248209                   /usr/lib/x86_64-linux-gnu/libXau.so.6.0.0
7fa5122b2000-7fa5122b3000 r--p 00002000 08:02 13248209                   /usr/lib/x86_64-linux-gnu/libXau.so.6.0.0
7fa5122b3000-7fa5122b4000 rw-p 00003000 08:02 13248209                   /usr/lib/x86_64-linux-gnu/libXau.so.6.0.0
7fa5122b4000-7fa5122d1000 r-xp 00000000 08:02 13249407                   /usr/lib/x86_64-linux-gnu/libxcb.so.1.1.0
7fa5122d1000-7fa5124d1000 ---p 0001d000 08:02 13249407                   /usr/lib/x86_64-linux-gnu/libxcb.so.1.1.0
7fa5124d1000-7fa5124d2000 r--p 0001d000 08:02 13249407                   /usr/lib/x86_64-linux-gnu/libxcb.so.1.1.0
7fa5124d2000-7fa5124d3000 rw-p 0001e000 08:02 13249407                   /usr/lib/x86_64-linux-gnu/libxcb.so.1.1.0
7fa5124d3000-7fa512606000 r-xp 00000000 08:02 13248205                   /usr/lib/x86_64-linux-gnu/libX11.so.6.3.0
7fa512606000-7fa512806000 ---p 00133000 08:02 13248205                   /usr/lib/x86_64-linux-gnu/libX11.so.6.3.0
7fa512806000-7fa512807000 r--p 00133000 08:02 13248205                   /usr/lib/x86_64-linux-gnu/libX11.so.6.3.0
7fa512807000-7fa51280b000 rw-p 00134000 08:02 13248205                   /usr/lib/x86_64-linux-gnu/libX11.so.6.3.0
7fa51280b000-7fa51280c000 rw-p 00000000 00:00 0 
7fa51280c000-7fa51280e000 r-xp 00000000 08:02 13243803                   /usr/lib/jayatana/libjayatanaag.so
7fa51280e000-7fa512a0d000 ---p 00002000 08:02 13243803                   /usr/lib/jayatana/libjayatanaag.so
7fa512a0d000-7fa512a0e000 r--p 00001000 08:02 13243803                   /usr/lib/jayatana/libjayatanaag.so
7fa512a0e000-7fa512a0f000 rw-p 00002000 08:02 13243803                   /usr/lib/jayatana/libjayatanaag.so
7fa512a0f000-7fa512a12000 ---p 00000000 00:00 0 
7fa512a12000-7fa512b10000 rw-p 00000000 00:00 0                          [stack:32589]
7fa512b10000-7fa5131f2000 r--p 00000000 08:02 13247274                   /usr/lib/locale/locale-archive
7fa5131f2000-7fa5131f5000 ---p 00000000 00:00 0 
7fa5131f5000-7fa5132f3000 rw-p 00000000 00:00 0                          [stack:32586]
7fa5132f3000-7fa5132f6000 ---p 00000000 00:00 0 
7fa5132f6000-7fa5133f4000 rw-p 00000000 00:00 0                          [stack:32585]
7fa5133f4000-7fa5133f5000 ---p 00000000 00:00 0 
7fa5133f5000-7fa514000000 rw-p 00000000 00:00 0                          [stack:32584]
7fa514000000-7fa514021000 rw-p 00000000 00:00 0 
7fa514021000-7fa518000000 ---p 00000000 00:00 0 
7fa518000000-7fa518021000 rw-p 00000000 00:00 0 
7fa518021000-7fa51c000000 ---p 00000000 00:00 0 
7fa51c000000-7fa51c021000 rw-p 00000000 00:00 0 
7fa51c021000-7fa520000000 ---p 00000000 00:00 0 
7fa520000000-7fa520001000 r--s 00000000 08:02 17563731                   /var/cache/fontconfig/dc05db6664285cc2f12bf69c139ae4c3-le64.cache-4
7fa520001000-7fa52000a000 r--s 00000000 08:02 17569365                   /var/cache/fontconfig/d0972c3d32f097851eb916381fc38920-le64.cache-4
7fa520032000-7fa521000000 rw-p 00000000 00:00 0 
7fa521000000-7fa521600000 rwxp 00000000 00:00 0 
7fa521600000-7fa530000000 ---p 00000000 00:00 0 
7fa530000000-7fa530631000 rw-p 00000000 00:00 0 
7fa530631000-7fa534000000 ---p 00000000 00:00 0 
7fa534000000-7fa534001000 r--s 00000000 08:02 17563706                   /var/cache/fontconfig/4794a0821666d79190d59a36cb4f44b5-le64.cache-4
7fa534001000-7fa53400e000 r--s 00000000 08:02 17569157                   /var/cache/fontconfig/e13b20fdb08344e0e664864cc2ede53d-le64.cache-4
7fa534087000-7fa53409a000 r--s 00345000 08:02 19140124                   /usr/lib/jvm/java-8-openjdk-amd64/jre/lib/resources.jar
7fa53409a000-7fa5340b6000 r--s 00393000 08:02 19796489                   /usr/lib/jvm/java-8-openjdk-amd64/jre/lib/ext/cldrdata.jar
7fa5340b6000-7fa534507000 rw-p 00000000 00:00 0 
7fa534507000-7fa5346d4000 r--s 03bd3000 08:02 19140133                   /usr/lib/jvm/java-8-openjdk-amd64/jre/lib/rt.jar
7fa5346d4000-7fa53474a000 rw-p 00000000 00:00 0 
7fa53474a000-7fa53474b000 ---p 00000000 00:00 0 
7fa53474b000-7fa53484b000 rw-p 00000000 00:00 0                          [stack:32582]
7fa53484b000-7fa53484c000 ---p 00000000 00:00 0 
7fa53484c000-7fa53494c000 rw-p 00000000 00:00 0                          [stack:32581]
7fa53494c000-7fa53494d000 ---p 00000000 00:00 0 
7fa53494d000-7fa534a4d000 rw-p 00000000 00:00 0                          [stack:32580]
7fa534a4d000-7fa534a4e000 ---p 00000000 00:00 0 
7fa534a4e000-7fa534ba2000 rw-p 00000000 00:00 0                          [stack:32579]
7fa534ba2000-7fa535082000 ---p 00000000 00:00 0 
7fa535082000-7fa5350d6000 rw-p 00000000 00:00 0 
7fa5350d6000-7fa5355b6000 ---p 00000000 00:00 0 
7fa5355b6000-7fa535604000 rw-p 00000000 00:00 0 
7fa535604000-7fa535850000 ---p 00000000 00:00 0 
7fa535850000-7fa535869000 rw-p 00000000 00:00 0 
7fa535869000-7fa535c11000 ---p 00000000 00:00 0 
7fa535c11000-7fa535c19000 r-xp 00000000 08:02 19273590                   /usr/lib/jvm/java-8-openjdk-amd64/jre/lib/amd64/libzip.so
7fa535c19000-7fa535e18000 ---p 00008000 08:02 19273590                   /usr/lib/jvm/java-8-openjdk-amd64/jre/lib/amd64/libzip.so
7fa535e18000-7fa535e19000 r--p 00007000 08:02 19273590                   /usr/lib/jvm/java-8-openjdk-amd64/jre/lib/amd64/libzip.so
7fa535e19000-7fa535e1a000 rw-p 00008000 08:02 19273590                   /usr/lib/jvm/java-8-openjdk-amd64/jre/lib/amd64/libzip.so
7fa535e1a000-7fa535e26000 r-xp 00000000 08:02 21631992                   /lib/x86_64-linux-gnu/libnss_files-2.21.so
7fa535e26000-7fa536025000 ---p 0000c000 08:02 21631992                   /lib/x86_64-linux-gnu/libnss_files-2.21.so
7fa536025000-7fa536026000 r--p 0000b000 08:02 21631992                   /lib/x86_64-linux-gnu/libnss_files-2.21.so
7fa536026000-7fa536027000 rw-p 0000c000 08:02 21631992                   /lib/x86_64-linux-gnu/libnss_files-2.21.so
7fa536027000-7fa536032000 r-xp 00000000 08:02 21632002                   /lib/x86_64-linux-gnu/libnss_nis-2.21.so
7fa536032000-7fa536231000 ---p 0000b000 08:02 21632002                   /lib/x86_64-linux-gnu/libnss_nis-2.21.so
7fa536231000-7fa536232000 r--p 0000a000 08:02 21632002                   /lib/x86_64-linux-gnu/libnss_nis-2.21.so
7fa536232000-7fa536233000 rw-p 0000b000 08:02 21632002                   /lib/x86_64-linux-gnu/libnss_nis-2.21.so
7fa536233000-7fa53624a000 r-xp 00000000 08:02 21631986                   /lib/x86_64-linux-gnu/libnsl-2.21.so
7fa53624a000-7fa536449000 ---p 00017000 08:02 21631986                   /lib/x86_64-linux-gnu/libnsl-2.21.so
7fa536449000-7fa53644a000 r--p 00016000 08:02 21631986                   /lib/x86_64-linux-gnu/libnsl-2.21.so
7fa53644a000-7fa53644b000 rw-p 00017000 08:02 21631986                   /lib/x86_64-linux-gnu/libnsl-2.21.so
7fa53644b000-7fa53644d000 rw-p 00000000 00:00 0 
7fa53644d000-7fa536455000 r-xp 00000000 08:02 21631988                   /lib/x86_64-linux-gnu/libnss_compat-2.21.so
7fa536455000-7fa536654000 ---p 00008000 08:02 21631988                   /lib/x86_64-linux-gnu/libnss_compat-2.21.so
7fa536654000-7fa536655000 r--p 00007000 08:02 21631988                   /lib/x86_64-linux-gnu/libnss_compat-2.21.so
7fa536655000-7fa536656000 rw-p 00008000 08:02 21631988                   /lib/x86_64-linux-gnu/libnss_compat-2.21.so
7fa536656000-7fa536660000 r-xp 00000000 08:02 19273609                   /usr/lib/jvm/java-8-openjdk-amd64/jre/lib/amd64/libinstrument.so
7fa536660000-7fa53685f000 ---p 0000a000 08:02 19273609                   /usr/lib/jvm/java-8-openjdk-amd64/jre/lib/amd64/libinstrument.so
7fa53685f000-7fa536860000 r--p 00009000 08:02 19273609                   /usr/lib/jvm/java-8-openjdk-amd64/jre/lib/amd64/libinstrument.so
7fa536860000-7fa536861000 rw-p 0000a000 08:02 19273609                   /usr/lib/jvm/java-8-openjdk-amd64/jre/lib/amd64/libinstrument.so
7fa536861000-7fa53688f000 r-xp 00000000 08:02 19273587                   /usr/lib/jvm/java-8-openjdk-amd64/jre/lib/amd64/libjava.so
7fa53688f000-7fa536a8e000 ---p 0002e000 08:02 19273587                   /usr/lib/jvm/java-8-openjdk-amd64/jre/lib/amd64/libjava.so
7fa536a8e000-7fa536a8f000 r--p 0002d000 08:02 19273587                   /usr/lib/jvm/java-8-openjdk-amd64/jre/lib/amd64/libjava.so
7fa536a8f000-7fa536a91000 rw-p 0002e000 08:02 19273587                   /usr/lib/jvm/java-8-openjdk-amd64/jre/lib/amd64/libjava.so
7fa536a91000-7fa536aa0000 r-xp 00000000 08:02 19273602                   /usr/lib/jvm/java-8-openjdk-amd64/jre/lib/amd64/libverify.so
7fa536aa0000-7fa536ca0000 ---p 0000f000 08:02 19273602                   /usr/lib/jvm/java-8-openjdk-amd64/jre/lib/amd64/libverify.so
7fa536ca0000-7fa536ca3000 r--p 0000f000 08:02 19273602                   /usr/lib/jvm/java-8-openjdk-amd64/jre/lib/amd64/libverify.so
7fa536ca3000-7fa536ca4000 rw-p 00012000 08:02 19273602                   /usr/lib/jvm/java-8-openjdk-amd64/jre/lib/amd64/libverify.so
7fa536ca4000-7fa536cab000 r-xp 00000000 08:02 21632047                   /lib/x86_64-linux-gnu/librt-2.21.so
7fa536cab000-7fa536eaa000 ---p 00007000 08:02 21632047                   /lib/x86_64-linux-gnu/librt-2.21.so
7fa536eaa000-7fa536eab000 r--p 00006000 08:02 21632047                   /lib/x86_64-linux-gnu/librt-2.21.so
7fa536eab000-7fa536eac000 rw-p 00007000 08:02 21632047                   /lib/x86_64-linux-gnu/librt-2.21.so
7fa536eac000-7fa536ec2000 r-xp 00000000 08:02 21631935                   /lib/x86_64-linux-gnu/libgcc_s.so.1
7fa536ec2000-7fa5370c1000 ---p 00016000 08:02 21631935                   /lib/x86_64-linux-gnu/libgcc_s.so.1
7fa5370c1000-7fa5370c2000 rw-p 00015000 08:02 21631935                   /lib/x86_64-linux-gnu/libgcc_s.so.1
7fa5370c2000-7fa5371c9000 r-xp 00000000 08:02 21631965                   /lib/x86_64-linux-gnu/libm-2.21.so
7fa5371c9000-7fa5373c8000 ---p 00107000 08:02 21631965                   /lib/x86_64-linux-gnu/libm-2.21.so
7fa5373c8000-7fa5373c9000 r--p 00106000 08:02 21631965                   /lib/x86_64-linux-gnu/libm-2.21.so
7fa5373c9000-7fa5373ca000 rw-p 00107000 08:02 21631965                   /lib/x86_64-linux-gnu/libm-2.21.so
7fa5373ca000-7fa5374ba000 r-xp 00000000 08:02 13249201                   /usr/lib/x86_64-linux-gnu/libstdc++.so.6.0.20
7fa5374ba000-7fa5376ba000 ---p 000f0000 08:02 13249201                   /usr/lib/x86_64-linux-gnu/libstdc++.so.6.0.20
7fa5376ba000-7fa5376c2000 r--p 000f0000 08:02 13249201                   /usr/lib/x86_64-linux-gnu/libstdc++.so.6.0.20
7fa5376c2000-7fa5376c4000 rw-p 000f8000 08:02 13249201                   /usr/lib/x86_64-linux-gnu/libstdc++.so.6.0.20
7fa5376c4000-7fa5376d9000 rw-p 00000000 00:00 0 
7fa5376d9000-7fa538366000 r-xp 00000000 08:02 19403390                   /usr/lib/jvm/java-8-openjdk-amd64/jre/lib/amd64/server/libjvm.so
7fa538366000-7fa538566000 ---p 00c8d000 08:02 19403390                   /usr/lib/jvm/java-8-openjdk-amd64/jre/lib/amd64/server/libjvm.so
7fa538566000-7fa538609000 r--p 00c8d000 08:02 19403390                   /usr/lib/jvm/java-8-openjdk-amd64/jre/lib/amd64/server/libjvm.so
7fa538609000-7fa538632000 rw-p 00d30000 08:02 19403390                   /usr/lib/jvm/java-8-openjdk-amd64/jre/lib/amd64/server/libjvm.so
7fa538632000-7fa538661000 rw-p 00000000 00:00 0 
7fa538661000-7fa538679000 r-xp 00000000 08:02 21632039                   /lib/x86_64-linux-gnu/libpthread-2.21.so
7fa538679000-7fa538879000 ---p 00018000 08:02 21632039                   /lib/x86_64-linux-gnu/libpthread-2.21.so
7fa538879000-7fa53887a000 r--p 00018000 08:02 21632039                   /lib/x86_64-linux-gnu/libpthread-2.21.so
7fa53887a000-7fa53887b000 rw-p 00019000 08:02 21632039                   /lib/x86_64-linux-gnu/libpthread-2.21.so
7fa53887b000-7fa53887f000 rw-p 00000000 00:00 0 
7fa53887f000-7fa538882000 r-xp 00000000 08:02 21631923                   /lib/x86_64-linux-gnu/libdl-2.21.so
7fa538882000-7fa538a81000 ---p 00003000 08:02 21631923                   /lib/x86_64-linux-gnu/libdl-2.21.so
7fa538a81000-7fa538a82000 r--p 00002000 08:02 21631923                   /lib/x86_64-linux-gnu/libdl-2.21.so
7fa538a82000-7fa538a83000 rw-p 00003000 08:02 21631923                   /lib/x86_64-linux-gnu/libdl-2.21.so
7fa538a83000-7fa538a9c000 r-xp 00000000 08:02 21632080                   /lib/x86_64-linux-gnu/libz.so.1.2.8
7fa538a9c000-7fa538c9c000 ---p 00019000 08:02 21632080                   /lib/x86_64-linux-gnu/libz.so.1.2.8
7fa538c9c000-7fa538c9d000 r--p 00019000 08:02 21632080                   /lib/x86_64-linux-gnu/libz.so.1.2.8
7fa538c9d000-7fa538c9e000 rw-p 0001a000 08:02 21632080                   /lib/x86_64-linux-gnu/libz.so.1.2.8
7fa538c9e000-7fa538e5e000 r-xp 00000000 08:02 21631906                   /lib/x86_64-linux-gnu/libc-2.21.so
7fa538e5e000-7fa53905e000 ---p 001c0000 08:02 21631906                   /lib/x86_64-linux-gnu/libc-2.21.so
7fa53905e000-7fa539062000 r--p 001c0000 08:02 21631906                   /lib/x86_64-linux-gnu/libc-2.21.so
7fa539062000-7fa539064000 rw-p 001c4000 08:02 21631906                   /lib/x86_64-linux-gnu/libc-2.21.so
7fa539064000-7fa539068000 rw-p 00000000 00:00 0 
7fa539068000-7fa539076000 r-xp 00000000 08:02 19535258                   /usr/lib/jvm/java-8-openjdk-amd64/jre/lib/amd64/jli/libjli.so
7fa539076000-7fa539275000 ---p 0000e000 08:02 19535258                   /usr/lib/jvm/java-8-openjdk-amd64/jre/lib/amd64/jli/libjli.so
7fa539275000-7fa539276000 r--p 0000d000 08:02 19535258                   /usr/lib/jvm/java-8-openjdk-amd64/jre/lib/amd64/jli/libjli.so
7fa539276000-7fa539277000 rw-p 0000e000 08:02 19535258                   /usr/lib/jvm/java-8-openjdk-amd64/jre/lib/amd64/jli/libjli.so
7fa539277000-7fa53929b000 r-xp 00000000 08:02 21631878                   /lib/x86_64-linux-gnu/ld-2.21.so
7fa53929b000-7fa53929c000 r--s 00000000 08:02 17563723                   /var/cache/fontconfig/bab58bb527bb656aaa9f116d68a48d89-le64.cache-4
7fa53929c000-7fa53929d000 r--s 00000000 08:02 17563709                   /var/cache/fontconfig/56cf4f4769d0f4abc89a4895d7bd3ae1-le64.cache-4
7fa53929d000-7fa53929e000 r--s 00000000 08:02 17563722                   /var/cache/fontconfig/b9d506c9ac06c20b433354fa67a72993-le64.cache-4
7fa53929e000-7fa53929f000 r--s 00000000 08:02 17563708                   /var/cache/fontconfig/551ecf3b0e8b0bca0f25c0944f561853-le64.cache-4
7fa53929f000-7fa5392a0000 r--s 00000000 08:02 17563697                   /var/cache/fontconfig/0c9eb80ebd1c36541ebe2852d3bb0c49-le64.cache-4
7fa5392a0000-7fa5392a4000 r--s 00000000 08:02 17569363                   /var/cache/fontconfig/7ef2298fde41cc6eeb7af42e48b7d293-le64.cache-4
7fa5392a4000-7fa5392a6000 r--s 00006000 08:02 13642380                   /usr/share/java/jayatana.jar
7fa5392a6000-7fa5392a7000 r--s 00000000 08:02 13642381                   /usr/share/java/jayatanaag.jar
7fa5392a7000-7fa5392a8000 r--s 00010000 08:02 19796493                   /usr/lib/jvm/java-8-openjdk-amd64/jre/lib/ext/zipfs.jar
7fa5392a8000-7fa5392aa000 r--s 00006000 08:02 13643226                   /usr/share/java/java-atk-wrapper.jar
7fa5392aa000-7fa5392ac000 r--s 00001000 08:02 19796495                   /usr/lib/jvm/java-8-openjdk-amd64/jre/lib/ext/dnsns.jar
7fa5392ac000-7fa5392c6000 r--s 001d3000 08:02 19796490                   /usr/lib/jvm/java-8-openjdk-amd64/jre/lib/ext/nashorn.jar
7fa5392c6000-7fa539370000 rw-p 00000000 00:00 0 
7fa539370000-7fa539373000 ---p 00000000 00:00 0 
7fa539373000-7fa539476000 rw-p 00000000 00:00 0                          [stack:32578]
7fa539476000-7fa539477000 r--s 00008000 08:02 19796491                   /usr/lib/jvm/java-8-openjdk-amd64/jre/lib/ext/sunec.jar
7fa539477000-7fa53947a000 r--s 00037000 08:02 19796497                   /usr/lib/jvm/java-8-openjdk-amd64/jre/lib/ext/sunpkcs11.jar
7fa53947a000-7fa539485000 r--s 00116000 08:02 19796492                   /usr/lib/jvm/java-8-openjdk-amd64/jre/lib/ext/localedata.jar
7fa539485000-7fa53948b000 r--s 0003a000 08:02 19796494                   /usr/lib/jvm/java-8-openjdk-amd64/jre/lib/ext/sunjce_provider.jar
7fa53948b000-7fa53948e000 r--s 0000f000 08:02 19796496                   /usr/lib/jvm/java-8-openjdk-amd64/jre/lib/ext/icedtea-sound.jar
7fa53948e000-7fa539496000 rw-s 00000000 08:02 14289653                   /tmp/hsperfdata_jara/32575
7fa539496000-7fa539497000 rw-p 00000000 00:00 0 
7fa539497000-7fa539498000 r--p 00000000 00:00 0 
7fa539498000-7fa53949a000 rw-p 00000000 00:00 0 
7fa53949a000-7fa53949b000 r--p 00023000 08:02 21631878                   /lib/x86_64-linux-gnu/ld-2.21.so
7fa53949b000-7fa53949c000 rw-p 00024000 08:02 21631878                   /lib/x86_64-linux-gnu/ld-2.21.so
7fa53949c000-7fa53949d000 rw-p 00000000 00:00 0 
7ffdb15ee000-7ffdb160f000 rw-p 00000000 00:00 0                          [stack]
7ffdb16a6000-7ffdb16a8000 r--p 00000000 00:00 0                          [vvar]
7ffdb16a8000-7ffdb16aa000 r-xp 00000000 00:00 0                          [vdso]
ffffffffff600000-ffffffffff601000 r-xp 00000000 00:00 0                  [vsyscall]

VM Arguments:
jvm_args: -javaagent:/usr/share/java/jayatanaag.jar -Dfile.encoding=UTF-8 
java_command: SlotsDonation
java_class_path (initial): /home/jara/NetBeansProjects/Slots/build/classes:/usr/share/java/jayatanaag.jar
Launcher Type: SUN_STANDARD

Environment Variables:
JAVA_HOME=/usr/lib/jvm/java-9-oracle
JAVA_TOOL_OPTIONS=-javaagent:/usr/share/java/jayatanaag.jar 
PATH=/home/jara/bin:/usr/local/sbin:/usr/local/bin:/usr/sbin:/usr/bin:/sbin:/bin:/usr/games:/usr/local/games:/usr/lib/jvm/java-9-oracle/bin:/usr/lib/jvm/java-9-oracle/db/bin
LD_LIBRARY_PATH=/usr/lib/jvm/java-8-openjdk-amd64//jre/lib/amd64:/usr/lib/jvm/java-8-openjdk-amd64//jre/lib/i386:
SHELL=/bin/bash
DISPLAY=:0

Signal Handlers:
SIGSEGV: [libjvm.so+0xa90d80], sa_mask[0]=11111111011111111101111111111110, sa_flags=SA_RESTART|SA_SIGINFO
SIGBUS: [libjvm.so+0xa90d80], sa_mask[0]=11111111011111111101111111111110, sa_flags=SA_RESTART|SA_SIGINFO
SIGFPE: [libjvm.so+0x8dbc70], sa_mask[0]=11111111011111111101111111111110, sa_flags=SA_RESTART|SA_SIGINFO
SIGPIPE: [libjvm.so+0x8dbc70], sa_mask[0]=11111111011111111101111111111110, sa_flags=SA_RESTART|SA_SIGINFO
SIGXFSZ: [libjvm.so+0x8dbc70], sa_mask[0]=11111111011111111101111111111110, sa_flags=SA_RESTART|SA_SIGINFO
SIGILL: [libjvm.so+0x8dbc70], sa_mask[0]=11111111011111111101111111111110, sa_flags=SA_RESTART|SA_SIGINFO
SIGUSR1: SIG_DFL, sa_mask[0]=00000000000000000000000000000000, sa_flags=none
SIGUSR2: [libjvm.so+0x8dbb20], sa_mask[0]=00100000000000000000000000000000, sa_flags=SA_RESTART|SA_SIGINFO
SIGHUP: [libjvm.so+0x8dbd40], sa_mask[0]=11111111011111111101111111111110, sa_flags=SA_RESTART|SA_SIGINFO
SIGINT: SIG_IGN, sa_mask[0]=00000000000000000000000000000000, sa_flags=none
SIGTERM: [libjvm.so+0x8dbd40], sa_mask[0]=11111111011111111101111111111110, sa_flags=SA_RESTART|SA_SIGINFO
SIGQUIT: [libjvm.so+0x8dbd40], sa_mask[0]=11111111011111111101111111111110, sa_flags=SA_RESTART|SA_SIGINFO


---------------  S Y S T E M  ---------------

OS:DISTRIB_ID=Ubuntu
DISTRIB_RELEASE=15.04
DISTRIB_CODENAME=vivid
DISTRIB_DESCRIPTION="Ubuntu 15.04"

uname:Linux 3.19.0-30-generic #33-Ubuntu SMP Mon Sep 21 20:58:04 UTC 2015 x86_64
libc:glibc 2.21 NPTL 2.21 
rlimit: STACK 8192k, CORE 0k, NPROC 63817, NOFILE 65536, AS infinity
load average:0,12 0,38 0,50

/proc/meminfo:
MemTotal:       16359524 kB
MemFree:         4864584 kB
MemAvailable:   11823360 kB
Buffers:          258612 kB
Cached:          7536480 kB
SwapCached:         6632 kB
Active:          4340064 kB
Inactive:        6777040 kB
Active(anon):    3092284 kB
Inactive(anon):   992752 kB
Active(file):    1247780 kB
Inactive(file):  5784288 kB
Unevictable:         288 kB
Mlocked:             100 kB
SwapTotal:        144960 kB
SwapFree:              0 kB
Dirty:               332 kB
Writeback:             0 kB
AnonPages:       2419452 kB
Mapped:           355160 kB
Shmem:            762436 kB
Slab:             234284 kB
SReclaimable:     180124 kB
SUnreclaim:        54160 kB
KernelStack:        7472 kB
PageTables:        22960 kB
NFS_Unstable:          0 kB
Bounce:                0 kB
WritebackTmp:          0 kB
CommitLimit:     8179760 kB
Committed_AS:    7128324 kB
VmallocTotal:   34359738367 kB
VmallocUsed:      599452 kB
VmallocChunk:   34359122940 kB
HardwareCorrupted:     0 kB
AnonHugePages:   1112064 kB
CmaTotal:              0 kB
CmaFree:               0 kB
HugePages_Total:       0
HugePages_Free:        0
HugePages_Rsvd:        0
HugePages_Surp:        0
Hugepagesize:       2048 kB
DirectMap4k:      299344 kB
DirectMap2M:     8015872 kB
DirectMap1G:     9437184 kB


CPU:total 4 (2 cores per cpu, 2 threads per core) family 6 model 61 stepping 4, cmov, cx8, fxsr, mmx, sse, sse2, sse3, ssse3, sse4.1, sse4.2, popcnt, avx, avx2, aes, clmul, erms, 3dnowpref, lzcnt, ht, tsc, tscinvbit, bmi1, bmi2, adx

/proc/cpuinfo:
processor	: 0
vendor_id	: GenuineIntel
cpu family	: 6
model		: 61
model name	: Intel(R) Core(TM) i7-5500U CPU @ 2.40GHz
stepping	: 4
microcode	: 0x1d
cpu MHz		: 2899.968
cache size	: 4096 KB
physical id	: 0
siblings	: 4
core id		: 0
cpu cores	: 2
apicid		: 0
initial apicid	: 0
fpu		: yes
fpu_exception	: yes
cpuid level	: 20
wp		: yes
flags		: fpu vme de pse tsc msr pae mce cx8 apic sep mtrr pge mca cmov pat pse36 clflush dts acpi mmx fxsr sse sse2 ss ht tm pbe syscall nx pdpe1gb rdtscp lm constant_tsc arch_perfmon pebs bts rep_good nopl xtopology nonstop_tsc aperfmperf eagerfpu pni pclmulqdq dtes64 monitor ds_cpl vmx est tm2 ssse3 fma cx16 xtpr pdcm pcid sse4_1 sse4_2 x2apic movbe popcnt tsc_deadline_timer aes xsave avx f16c rdrand lahf_lm abm 3dnowprefetch ida arat epb pln pts dtherm tpr_shadow vnmi flexpriority ept vpid fsgsbase tsc_adjust bmi1 avx2 smep bmi2 erms invpcid rdseed adx smap xsaveopt
bugs		:
bogomips	: 4788.64
clflush size	: 64
cache_alignment	: 64
address sizes	: 39 bits physical, 48 bits virtual
power management:

processor	: 1
vendor_id	: GenuineIntel
cpu family	: 6
model		: 61
model name	: Intel(R) Core(TM) i7-5500U CPU @ 2.40GHz
stepping	: 4
microcode	: 0x1d
cpu MHz		: 2899.968
cache size	: 4096 KB
physical id	: 0
siblings	: 4
core id		: 1
cpu cores	: 2
apicid		: 2
initial apicid	: 2
fpu		: yes
fpu_exception	: yes
cpuid level	: 20
wp		: yes
flags		: fpu vme de pse tsc msr pae mce cx8 apic sep mtrr pge mca cmov pat pse36 clflush dts acpi mmx fxsr sse sse2 ss ht tm pbe syscall nx pdpe1gb rdtscp lm constant_tsc arch_perfmon pebs bts rep_good nopl xtopology nonstop_tsc aperfmperf eagerfpu pni pclmulqdq dtes64 monitor ds_cpl vmx est tm2 ssse3 fma cx16 xtpr pdcm pcid sse4_1 sse4_2 x2apic movbe popcnt tsc_deadline_timer aes xsave avx f16c rdrand lahf_lm abm 3dnowprefetch ida arat epb pln pts dtherm tpr_shadow vnmi flexpriority ept vpid fsgsbase tsc_adjust bmi1 avx2 smep bmi2 erms invpcid rdseed adx smap xsaveopt
bugs		:
bogomips	: 4788.64
clflush size	: 64
cache_alignment	: 64
address sizes	: 39 bits physical, 48 bits virtual
power management:

processor	: 2
vendor_id	: GenuineIntel
cpu family	: 6
model		: 61
model name	: Intel(R) Core(TM) i7-5500U CPU @ 2.40GHz
stepping	: 4
microcode	: 0x1d
cpu MHz		: 2899.968
cache size	: 4096 KB
physical id	: 0
siblings	: 4
core id		: 0
cpu cores	: 2
apicid		: 1
initial apicid	: 1
fpu		: yes
fpu_exception	: yes
cpuid level	: 20
wp		: yes
flags		: fpu vme de pse tsc msr pae mce cx8 apic sep mtrr pge mca cmov pat pse36 clflush dts acpi mmx fxsr sse sse2 ss ht tm pbe syscall nx pdpe1gb rdtscp lm constant_tsc arch_perfmon pebs bts rep_good nopl xtopology nonstop_tsc aperfmperf eagerfpu pni pclmulqdq dtes64 monitor ds_cpl vmx est tm2 ssse3 fma cx16 xtpr pdcm pcid sse4_1 sse4_2 x2apic movbe popcnt tsc_deadline_timer aes xsave avx f16c rdrand lahf_lm abm 3dnowprefetch ida arat epb pln pts dtherm tpr_shadow vnmi flexpriority ept vpid fsgsbase tsc_adjust bmi1 avx2 smep bmi2 erms invpcid rdseed adx smap xsaveopt
bugs		:
bogomips	: 4788.64
clflush size	: 64
cache_alignment	: 64
address sizes	: 39 bits physical, 48 bits virtual
power management:

processor	: 3
vendor_id	: GenuineIntel
cpu family	: 6
model		: 61
model name	: Intel(R) Core(TM) i7-5500U CPU @ 2.40GHz
stepping	: 4
microcode	: 0x1d
cpu MHz		: 2899.968
cache size	: 4096 KB
physical id	: 0
siblings	: 4
core id		: 1
cpu cores	: 2
apicid		: 3
initial apicid	: 3
fpu		: yes
fpu_exception	: yes
cpuid level	: 20
wp		: yes
flags		: fpu vme de pse tsc msr pae mce cx8 apic sep mtrr pge mca cmov pat pse36 clflush dts acpi mmx fxsr sse sse2 ss ht tm pbe syscall nx pdpe1gb rdtscp lm constant_tsc arch_perfmon pebs bts rep_good nopl xtopology nonstop_tsc aperfmperf eagerfpu pni pclmulqdq dtes64 monitor ds_cpl vmx est tm2 ssse3 fma cx16 xtpr pdcm pcid sse4_1 sse4_2 x2apic movbe popcnt tsc_deadline_timer aes xsave avx f16c rdrand lahf_lm abm 3dnowprefetch ida arat epb pln pts dtherm tpr_shadow vnmi flexpriority ept vpid fsgsbase tsc_adjust bmi1 avx2 smep bmi2 erms invpcid rdseed adx smap xsaveopt
bugs		:
bogomips	: 4788.64
clflush size	: 64
cache_alignment	: 64
address sizes	: 39 bits physical, 48 bits virtual
power management:



Memory: 4k page, physical 16359524k(4869240k free), swap 144960k(0k free)

vm_info: OpenJDK 64-Bit Server VM (25.45-b02) for linux-amd64 JRE (1.8.0_45-internal-b14), built on Apr 20 2015 00:35:04 by "buildd" with gcc 4.9.2

time: Tue Dec  8 09:37:03 2015
elapsed time: 6473 seconds (0d 1h 47m 53s)

